TN:
SF:/home/kalok/Desktop/hostap-wpa3/hostapd/config_file.c
FN:1018,1069,hostapd_config_ht_capab
FN:121,191,hostapd_config_read_maclist
FN:196,248,hostapd_config_eap_user_salted
FN:2029,2051,parse_wpabuf_hex
FN:2078,2113,parse_tls_flags
FN:2154,2256,parse_sae_password
FN:2261,2286,hostapd_dpp_controller_parse
FN:2290,2303,get_hex_config
FN:2306,4726,hostapd_config_fill
FN:251,578,hostapd_config_read_eap_user
FN:30,117,hostapd_config_read_vlan_file
FN:4734,4816,hostapd_config_read
FN:4819,4842,hostapd_set_iface
FN:585,608,hostapd_config_read_radius_addr
FN:612,632,hostapd_parse_das_client
FN:636,736,hostapd_config_parse_key_mgmt
FN:739,753,hostapd_config_parse_cipher
FN:810,825,hostapd_parse_chanlist
FN:828,864,hostapd_parse_intlist
FN:867,902,hostapd_config_bss
FNDA:0,hostapd_config_ht_capab
FNDA:0,hostapd_config_read_maclist
FNDA:0,hostapd_config_eap_user_salted
FNDA:0,parse_wpabuf_hex
FNDA:0,parse_tls_flags
FNDA:0,parse_sae_password
FNDA:0,hostapd_dpp_controller_parse
FNDA:0,get_hex_config
FNDA:55,hostapd_config_fill
FNDA:0,hostapd_config_read_eap_user
FNDA:0,hostapd_config_read_vlan_file
FNDA:5,hostapd_config_read
FNDA:0,hostapd_set_iface
FNDA:0,hostapd_config_read_radius_addr
FNDA:0,hostapd_parse_das_client
FNDA:5,hostapd_config_parse_key_mgmt
FNDA:5,hostapd_config_parse_cipher
FNDA:0,hostapd_parse_chanlist
FNDA:5,hostapd_parse_intlist
FNDA:0,hostapd_config_bss
FNF:20
FNH:5
DA:30,0
DA:35,0
DA:38,0
DA:39,0
DA:40,0
DA:41,0
DA:44,0
DA:45,0
DA:47,0
DA:48,0
DA:49,0
DA:50,0
DA:51,0
DA:52,0
DA:53,0
DA:55,0
DA:57,0
DA:58,0
DA:60,0
DA:61,0
DA:62,0
DA:64,0
DA:65,0
DA:67,0
DA:69,0
DA:70,0
DA:74,0
DA:75,0
DA:76,0
DA:77,0
DA:78,0
DA:80,0
DA:81,0
DA:83,0
DA:84,0
DA:86,0
DA:87,0
DA:90,0
DA:91,0
DA:92,0
DA:93,0
DA:94,0
DA:95,0
DA:97,0
DA:98,0
DA:99,0
DA:101,0
DA:102,0
DA:105,0
DA:106,0
DA:107,0
DA:108,0
DA:109,0
DA:110,0
DA:111,0
DA:114,0
DA:116,0
DA:121,0
DA:126,0
DA:130,0
DA:131,0
DA:132,0
DA:133,0
DA:136,0
DA:137,0
DA:139,0
DA:141,0
DA:142,0
DA:143,0
DA:144,0
DA:145,0
DA:146,0
DA:147,0
DA:149,0
DA:151,0
DA:152,0
DA:153,0
DA:154,0
DA:155,0
DA:156,0
DA:159,0
DA:160,0
DA:162,0
DA:163,0
DA:166,0
DA:167,0
DA:168,0
DA:170,0
DA:171,0
DA:172,0
DA:173,0
DA:174,0
DA:175,0
DA:176,0
DA:177,0
DA:179,0
DA:180,0
DA:181,0
DA:185,0
DA:187,0
DA:188,0
DA:190,0
DA:196,0
DA:201,0
DA:203,0
DA:204,0
DA:206,0
DA:207,0
DA:210,0
DA:213,0
DA:214,0
DA:215,0
DA:218,0
DA:221,0
DA:222,0
DA:225,0
DA:227,0
DA:228,0
DA:230,0
DA:231,0
DA:232,0
DA:233,0
DA:236,0
DA:239,0
DA:240,0
DA:243,0
DA:246,0
DA:247,0
DA:251,0
DA:253,0
DA:256,0
DA:257,0
DA:259,0
DA:265,0
DA:267,0
DA:271,0
DA:272,0
DA:273,0
DA:274,0
DA:278,0
DA:279,0
DA:281,0
DA:282,0
DA:283,0
DA:284,0
DA:285,0
DA:286,0
DA:287,0
DA:289,0
DA:291,0
DA:292,0
DA:295,0
DA:297,0
DA:298,0
DA:299,0
DA:301,0
DA:302,0
DA:304,0
DA:305,0
DA:307,0
DA:308,0
DA:309,0
DA:310,0
DA:312,0
DA:316,0
DA:318,0
DA:319,0
DA:321,0
DA:324,0
DA:325,0
DA:326,0
DA:327,0
DA:329,0
DA:331,0
DA:332,0
DA:334,0
DA:335,0
DA:336,0
DA:337,0
DA:338,0
DA:339,0
DA:342,0
DA:345,0
DA:346,0
DA:347,0
DA:349,0
DA:351,0
DA:353,0
DA:354,0
DA:355,0
DA:358,0
DA:359,0
DA:360,0
DA:362,0
DA:363,0
DA:365,0
DA:368,0
DA:369,0
DA:370,0
DA:371,0
DA:372,0
DA:374,0
DA:375,0
DA:377,0
DA:378,0
DA:379,0
DA:380,0
DA:381,0
DA:383,0
DA:384,0
DA:387,0
DA:388,0
DA:389,0
DA:391,0
DA:392,0
DA:393,0
DA:395,0
DA:396,0
DA:397,0
DA:399,0
DA:400,0
DA:402,0
DA:404,0
DA:405,0
DA:407,0
DA:409,0
DA:410,0
DA:411,0
DA:413,0
DA:416,0
DA:419,0
DA:420,0
DA:421,0
DA:422,0
DA:423,0
DA:424,0
DA:425,0
DA:427,0
DA:428,0
DA:430,0
DA:433,0
DA:434,0
DA:436,0
DA:437,0
DA:438,0
DA:439,0
DA:441,0
DA:442,0
DA:443,0
DA:446,0
DA:447,0
DA:448,0
DA:451,0
DA:452,0
DA:453,0
DA:456,0
DA:457,0
DA:458,0
DA:459,0
DA:460,0
DA:461,0
DA:462,0
DA:465,0
DA:468,0
DA:469,0
DA:470,0
DA:472,0
DA:474,0
DA:476,0
DA:477,0
DA:478,0
DA:479,0
DA:480,0
DA:481,0
DA:482,0
DA:483,0
DA:484,0
DA:486,0
DA:488,0
DA:489,0
DA:490,0
DA:492,0
DA:494,0
DA:495,0
DA:497,0
DA:499,0
DA:500,0
DA:501,0
DA:502,0
DA:503,0
DA:504,0
DA:507,0
DA:508,0
DA:509,0
DA:510,0
DA:513,0
DA:514,0
DA:515,0
DA:516,0
DA:519,0
DA:521,0
DA:522,0
DA:523,0
DA:524,0
DA:525,0
DA:526,0
DA:528,0
DA:530,0
DA:531,0
DA:532,0
DA:534,0
DA:536,0
DA:537,0
DA:538,0
DA:540,0
DA:542,0
DA:543,0
DA:546,0
DA:547,0
DA:548,0
DA:549,0
DA:552,0
DA:553,0
DA:554,0
DA:556,0
DA:557,0
DA:559,0
DA:561,0
DA:562,0
DA:563,0
DA:564,0
DA:565,0
DA:568,0
DA:570,0
DA:571,0
DA:572,0
DA:574,0
DA:577,0
DA:585,0
DA:593,0
DA:594,0
DA:595,0
DA:597,0
DA:598,0
DA:599,0
DA:600,0
DA:602,0
DA:603,0
DA:604,0
DA:605,0
DA:607,0
DA:612,0
DA:616,0
DA:617,0
DA:618,0
DA:620,0
DA:622,0
DA:623,0
DA:625,0
DA:626,0
DA:627,0
DA:628,0
DA:629,0
DA:631,0
DA:636,5
DA:638,5
DA:641,5
DA:642,5
DA:643,0
DA:644,5
DA:646,5
DA:647,5
DA:648,0
DA:649,5
DA:650,0
DA:651,5
DA:652,20
DA:653,15
DA:654,5
DA:655,5
DA:656,5
DA:657,0
DA:658,5
DA:659,0
DA:670,5
DA:671,0
DA:672,5
DA:673,0
DA:675,5
DA:676,5
DA:677,0
DA:678,0
DA:705,0
DA:706,0
DA:717,0
DA:719,0
DA:720,0
DA:723,5
DA:724,5
DA:725,0
DA:728,5
DA:729,5
DA:730,0
DA:732,0
DA:735,5
DA:739,5
DA:741,5
DA:742,5
DA:743,0
DA:745,0
DA:747,5
DA:748,0
DA:750,0
DA:752,5
DA:810,0
DA:815,0
DA:816,0
DA:817,0
DA:818,0
DA:819,0
DA:821,0
DA:822,0
DA:824,0
DA:828,5
DA:834,5
DA:835,5
DA:837,5
DA:838,5
DA:839,45
DA:840,40
DA:841,10
DA:842,40
DA:845,5
DA:846,5
DA:847,0
DA:848,5
DA:849,5
DA:850,15
DA:851,15
DA:852,15
DA:853,10
DA:855,15
DA:856,15
DA:857,5
DA:858,10
DA:860,5
DA:862,5
DA:863,5
DA:867,0
DA:871,0
DA:872,0
DA:874,0
DA:876,0
DA:877,0
DA:879,0
DA:881,0
DA:883,0
DA:884,0
DA:885,0
DA:886,0
DA:887,0
DA:888,0
DA:890,0
DA:891,0
DA:894,0
DA:895,0
DA:897,0
DA:898,0
DA:899,0
DA:901,0
DA:1018,0
DA:1021,0
DA:1022,0
DA:1023,0
DA:1024,0
DA:1025,0
DA:1027,0
DA:1028,0
DA:1029,0
DA:1031,0
DA:1032,0
DA:1033,0
DA:1035,0
DA:1036,0
DA:1037,0
DA:1038,0
DA:1039,0
DA:1040,0
DA:1041,0
DA:1042,0
DA:1043,0
DA:1044,0
DA:1045,0
DA:1046,0
DA:1047,0
DA:1049,0
DA:1050,0
DA:1051,0
DA:1053,0
DA:1054,0
DA:1055,0
DA:1057,0
DA:1058,0
DA:1059,0
DA:1060,0
DA:1061,0
DA:1062,0
DA:1063,0
DA:1064,0
DA:1065,0
DA:1066,0
DA:1068,0
DA:2029,0
DA:2034,0
DA:2035,0
DA:2036,0
DA:2037,0
DA:2040,0
DA:2041,0
DA:2042,0
DA:2044,0
DA:2047,0
DA:2048,0
DA:2050,0
DA:2078,0
DA:2080,0
DA:2085,0
DA:2087,0
DA:2088,0
DA:2089,0
DA:2090,0
DA:2091,0
DA:2092,0
DA:2093,0
DA:2094,0
DA:2095,0
DA:2096,0
DA:2097,0
DA:2098,0
DA:2099,0
DA:2100,0
DA:2101,0
DA:2102,0
DA:2103,0
DA:2104,0
DA:2105,0
DA:2106,0
DA:2107,0
DA:2108,0
DA:2109,0
DA:2110,0
DA:2112,0
DA:2154,0
DA:2157,0
DA:2159,0
DA:2160,0
DA:2161,0
DA:2162,0
DA:2164,0
DA:2165,0
DA:2166,0
DA:2167,0
DA:2168,0
DA:2169,0
DA:2170,0
DA:2173,0
DA:2174,0
DA:2175,0
DA:2176,0
DA:2177,0
DA:2178,0
DA:2182,0
DA:2183,0
DA:2187,0
DA:2188,0
DA:2189,0
DA:2190,0
DA:2191,0
DA:2192,0
DA:2193,0
DA:2194,0
DA:2195,0
DA:2196,0
DA:2198,0
DA:2199,0
DA:2200,0
DA:2203,0
DA:2204,0
DA:2205,0
DA:2206,0
DA:2210,0
DA:2211,0
DA:2212,0
DA:2213,0
DA:2214,0
DA:2215,0
DA:2216,0
DA:2217,0
DA:2220,0
DA:2221,0
DA:2222,0
DA:2223,0
DA:2225,0
DA:2226,0
DA:2227,0
DA:2228,0
DA:2229,0
DA:2233,0
DA:2237,0
DA:2238,0
DA:2240,0
DA:2244,0
DA:2245,0
DA:2247,0
DA:2248,0
DA:2249,0
DA:2250,0
DA:2252,0
DA:2254,0
DA:2255,0
DA:2261,0
DA:2267,0
DA:2268,0
DA:2269,0
DA:2270,0
DA:2271,0
DA:2272,0
DA:2273,0
DA:2274,0
DA:2275,0
DA:2276,0
DA:2277,0
DA:2278,0
DA:2279,0
DA:2280,0
DA:2281,0
DA:2282,0
DA:2283,0
DA:2284,0
DA:2285,0
DA:2290,0
DA:2293,0
DA:2296,0
DA:2297,0
DA:2298,0
DA:2299,0
DA:2301,0
DA:2302,0
DA:2306,55
DA:2310,55
DA:2311,5
DA:2313,50
DA:2314,0
DA:2315,50
DA:2316,0
DA:2317,50
DA:2318,0
DA:2319,50
DA:2321,0
DA:2323,0
DA:2324,0
DA:2325,0
DA:2326,0
DA:2329,0
DA:2330,0
DA:2333,0
DA:2335,0
DA:2336,50
DA:2337,0
DA:2338,0
DA:2339,50
DA:2340,0
DA:2342,50
DA:2343,0
DA:2344,50
DA:2345,0
DA:2346,50
DA:2347,0
DA:2348,50
DA:2349,0
DA:2350,50
DA:2351,0
DA:2353,50
DA:2354,5
DA:2356,5
DA:2357,5
DA:2358,0
DA:2360,0
DA:2362,5
DA:2363,5
DA:2364,5
DA:2365,45
DA:2366,0
DA:2368,0
DA:2369,0
DA:2370,0
DA:2372,0
DA:2373,0
DA:2375,0
DA:2376,0
DA:2377,0
DA:2378,0
DA:2379,0
DA:2380,45
DA:2381,0
DA:2382,45
DA:2383,0
DA:2385,0
DA:2386,0
DA:2388,0
DA:2390,0
DA:2392,0
DA:2393,45
DA:2394,0
DA:2396,0
DA:2398,0
DA:2400,45
DA:2401,0
DA:2403,0
DA:2405,0
DA:2407,45
DA:2408,0
DA:2409,45
DA:2410,0
DA:2411,45
DA:2412,0
DA:2413,45
DA:2414,0
DA:2415,45
DA:2416,0
DA:2417,45
DA:2418,0
DA:2419,0
DA:2420,0
DA:2423,0
DA:2425,0
DA:2426,45
DA:2427,0
DA:2428,45
DA:2429,0
DA:2430,45
DA:2431,0
DA:2432,45
DA:2433,0
DA:2434,45
DA:2435,0
DA:2439,0
DA:2442,0
DA:2443,0
DA:2446,0
DA:2448,0
DA:2449,0
DA:2451,45
DA:2452,0
DA:2453,0
DA:2454,45
DA:2455,0
DA:2456,45
DA:2457,0
DA:2458,0
DA:2459,45
DA:2460,0
DA:2461,0
DA:2462,45
DA:2463,0
DA:2464,0
DA:2465,45
DA:2466,0
DA:2467,0
DA:2468,45
DA:2469,0
DA:2470,0
DA:2471,45
DA:2472,0
DA:2473,0
DA:2474,45
DA:2475,0
DA:2476,0
DA:2477,45
DA:2478,0
DA:2479,0
DA:2480,45
DA:2481,0
DA:2482,0
DA:2484,0
DA:2486,0
DA:2487,0
DA:2488,0
DA:2489,0
DA:2490,45
DA:2491,0
DA:2492,45
DA:2493,0
DA:2494,45
DA:2495,0
DA:2496,45
DA:2497,0
DA:2498,45
DA:2499,0
DA:2500,45
DA:2501,0
DA:2502,45
DA:2503,0
DA:2504,45
DA:2505,0
DA:2506,0
DA:2507,45
DA:2508,0
DA:2509,0
DA:2510,45
DA:2511,0
DA:2512,0
DA:2513,45
DA:2514,0
DA:2515,0
DA:2516,45
DA:2517,0
DA:2518,0
DA:2519,45
DA:2520,0
DA:2605,45
DA:2606,0
DA:2609,45
DA:2611,0
DA:2612,0
DA:2613,0
DA:2614,0
DA:2616,0
DA:2618,0
DA:2619,0
DA:2620,0
DA:2621,0
DA:2622,0
DA:2625,0
DA:2627,45
DA:2628,0
DA:2629,45
DA:2630,0
DA:2631,0
DA:2661,45
DA:2662,0
DA:2663,0
DA:2664,0
DA:2666,0
DA:2668,45
DA:2669,0
DA:2674,45
DA:2675,0
DA:2676,0
DA:2679,0
DA:2681,45
DA:2682,0
DA:2683,0
DA:2685,45
DA:2686,0
DA:2687,0
DA:2690,0
DA:2692,0
DA:2693,45
DA:2694,0
DA:2695,0
DA:2696,45
DA:2697,0
DA:2698,0
DA:2699,0
DA:2700,0
DA:2701,0
DA:2704,0
DA:2706,45
DA:2707,0
DA:2708,0
DA:2709,0
DA:2710,0
DA:2713,0
DA:2715,45
DA:2716,0
DA:2717,0
DA:2718,45
DA:2719,0
DA:2720,0
DA:2721,0
DA:2723,0
DA:2725,0
DA:2727,0
DA:2728,0
DA:2729,0
DA:2730,45
DA:2731,0
DA:2732,0
DA:2733,0
DA:2734,0
DA:2735,0
DA:2738,0
DA:2740,45
DA:2741,0
DA:2742,0
DA:2743,0
DA:2744,0
DA:2747,0
DA:2749,45
DA:2750,0
DA:2751,0
DA:2752,45
DA:2753,0
DA:2754,0
DA:2755,0
DA:2757,0
DA:2759,0
DA:2761,0
DA:2762,0
DA:2763,0
DA:2764,45
DA:2765,0
DA:2766,45
DA:2767,0
DA:2768,45
DA:2769,0
DA:2770,45
DA:2772,0
DA:2773,0
DA:2774,0
DA:2777,0
DA:2778,0
DA:2779,0
DA:2781,0
DA:2782,0
DA:2783,0
DA:2784,0
DA:2786,45
DA:2788,0
DA:2789,0
DA:2790,0
DA:2793,0
DA:2794,0
DA:2795,0
DA:2797,0
DA:2798,0
DA:2799,0
DA:2800,0
DA:2802,45
DA:2803,0
DA:2804,0
DA:2805,45
DA:2806,0
DA:2807,45
DA:2808,0
DA:2809,0
DA:2811,0
DA:2813,45
DA:2814,0
DA:2815,45
DA:2816,0
DA:2817,45
DA:2819,0
DA:2821,45
DA:2822,0
DA:2823,0
DA:2824,0
DA:2826,0
DA:2828,45
DA:2829,0
DA:2830,0
DA:2831,0
DA:2832,0
DA:2834,0
DA:2836,45
DA:2837,5
DA:2838,40
DA:2839,0
DA:2841,0
DA:2842,0
DA:2845,0
DA:2847,0
DA:2848,40
DA:2849,0
DA:2850,0
DA:2851,40
DA:2852,0
DA:2853,40
DA:2854,0
DA:2855,40
DA:2856,0
DA:2857,40
DA:2858,0
DA:2859,0
DA:2860,0
DA:2861,0
DA:2863,0
DA:2864,0
DA:2866,40
DA:2868,0
DA:2870,0
DA:2871,0
DA:2874,0
DA:2876,0
DA:2877,40
DA:2879,0
DA:2881,0
DA:2882,0
DA:2885,0
DA:2887,0
DA:2888,40
DA:2889,0
DA:2890,40
DA:2891,5
DA:2892,5
DA:2893,0
DA:2895,0
DA:2897,5
DA:2898,5
DA:2899,5
DA:2900,5
DA:2901,5
DA:2903,35
DA:2904,0
DA:2905,0
DA:2906,0
DA:2907,0
DA:2908,0
DA:2909,0
DA:2910,0
DA:2912,0
DA:2913,0
DA:2915,0
DA:2916,0
DA:2917,0
DA:2918,0
DA:2919,35
DA:2920,0
DA:2921,0
DA:2922,0
DA:2923,0
DA:2925,0
DA:2927,35
DA:2928,5
DA:2929,5
DA:2930,0
DA:2931,30
DA:2932,0
DA:2933,0
DA:2934,0
DA:2935,0
DA:2936,0
DA:2937,0
DA:2939,0
DA:2940,0
DA:2942,30
DA:2943,0
DA:2944,0
DA:2945,0
DA:2946,0
DA:2948,0
DA:2950,0
DA:2952,30
DA:2953,5
DA:2954,5
DA:2955,0
DA:2956,5
DA:2958,0
DA:2960,0
DA:2962,25
DA:2963,0
DA:2964,0
DA:2965,0
DA:2966,0
DA:2967,0
DA:2968,0
DA:2969,0
DA:2970,0
DA:2971,0
DA:2974,0
DA:2977,25
DA:2978,0
DA:2979,25
DA:2980,0
DA:2981,0
DA:2983,25
DA:2984,0
DA:3041,25
DA:3042,0
DA:3043,0
DA:3044,25
DA:3048,0
DA:3050,0
DA:3051,0
DA:3052,0
DA:3053,0
DA:3054,0
DA:3056,0
DA:3060,0
DA:3061,0
DA:3062,0
DA:3064,0
DA:3066,0
DA:3067,0
DA:3082,25
DA:3083,0
DA:3084,25
DA:3085,5
DA:3086,0
DA:3087,5
DA:3088,0
DA:3089,5
DA:3090,5
DA:3091,0
DA:3092,0
DA:3093,0
DA:3094,0
DA:3096,0
DA:3098,0
DA:3100,5
DA:3101,20
DA:3102,0
DA:3103,0
DA:3104,0
DA:3105,0
DA:3106,0
DA:3107,0
DA:3108,0
DA:3109,0
DA:3110,0
DA:3111,0
DA:3113,0
DA:3116,0
DA:3118,20
DA:3119,0
DA:3120,20
DA:3121,0
DA:3122,20
DA:3123,5
DA:3125,0
DA:3127,0
DA:3133,5
DA:3134,5
DA:3136,15
DA:3137,0
DA:3138,15
DA:3139,0
DA:3140,15
DA:3141,0
DA:3142,0
DA:3144,0
DA:3146,15
DA:3147,0
DA:3148,0
DA:3150,0
DA:3152,0
DA:3153,15
DA:3154,0
DA:3155,15
DA:3156,0
DA:3157,15
DA:3158,0
DA:3160,0
DA:3161,0
DA:3164,0
DA:3166,0
DA:3167,15
DA:3168,0
DA:3174,0
DA:3175,0
DA:3178,0
DA:3180,0
DA:3197,15
DA:3198,0
DA:3200,0
DA:3201,0
DA:3203,0
DA:3205,0
DA:3206,15
DA:3207,0
DA:3209,0
DA:3210,0
DA:3213,0
DA:3215,0
DA:3216,15
DA:3217,0
DA:3219,0
DA:3220,0
DA:3223,0
DA:3225,0
DA:3226,15
DA:3227,0
DA:3228,0
DA:3229,0
DA:3232,0
DA:3234,15
DA:3235,0
DA:3236,0
DA:3238,0
DA:3239,0
DA:3240,0
DA:3243,0
DA:3245,15
DA:3246,0
DA:3247,0
DA:3248,0
DA:3250,0
DA:3252,0
DA:3253,15
DA:3254,0
DA:3255,0
DA:3257,0
DA:3259,15
DA:3260,0
DA:3261,0
DA:3263,0
DA:3265,15
DA:3268,0
DA:3269,0
DA:3270,0
DA:3271,0
DA:3274,0
DA:3276,0
DA:3277,0
DA:3278,0
DA:3279,0
DA:3280,0
DA:3281,0
DA:3284,0
DA:3286,0
DA:3287,0
DA:3288,0
DA:3289,0
DA:3290,0
DA:3291,0
DA:3294,0
DA:3296,0
DA:3297,0
DA:3299,0
DA:3300,0
DA:3301,0
DA:3304,0
DA:3306,0
DA:3307,0
DA:3309,15
DA:3310,0
DA:3311,0
DA:3313,0
DA:3314,15
DA:3315,0
DA:3316,15
DA:3317,0
DA:3339,15
DA:3340,0
DA:3341,15
DA:3342,0
DA:3343,15
DA:3344,0
DA:3345,0
DA:3347,0
DA:3349,15
DA:3350,0
DA:3351,0
DA:3352,0
DA:3353,0
DA:3356,0
DA:3364,15
DA:3365,0
DA:3366,15
DA:3367,0
DA:3368,15
DA:3369,0
DA:3370,0
DA:3372,0
DA:3374,15
DA:3375,15
DA:3376,0
DA:3377,15
DA:3378,0
DA:3379,15
DA:3380,15
DA:3381,0
DA:3382,0
DA:3384,0
DA:3386,15
DA:3387,0
DA:3388,0
DA:3390,0
DA:3392,15
DA:3393,0
DA:3394,0
DA:3396,0
DA:3398,15
DA:3399,0
DA:3400,15
DA:3401,5
DA:3402,10
DA:3403,0
DA:3404,0
DA:3405,0
DA:3406,0
DA:3407,0
DA:3408,0
DA:3409,0
DA:3410,0
DA:3412,0
DA:3414,0
DA:3416,10
DA:3417,0
DA:3418,10
DA:3419,0
DA:3420,0
DA:3421,0
DA:3423,0
DA:3425,10
DA:3426,0
DA:3427,0
DA:3428,0
DA:3430,0
DA:3438,10
DA:3439,0
DA:3440,10
DA:3441,0
DA:3442,0
DA:3444,0
DA:3446,10
DA:3447,0
DA:3448,10
DA:3449,0
DA:3633,10
DA:3634,0
DA:3635,10
DA:3636,0
DA:3637,10
DA:3638,0
DA:3852,10
DA:3853,0
DA:3854,10
DA:3855,0
DA:3856,0
DA:3858,0
DA:3859,10
DA:3860,0
DA:3861,0
DA:3863,0
DA:3869,10
DA:3870,0
DA:3871,10
DA:3872,0
DA:3873,0
DA:3874,0
DA:3876,0
DA:3878,0
DA:3879,0
DA:3880,0
DA:3881,0
DA:4267,10
DA:4268,0
DA:4269,0
DA:4271,0
DA:4274,10
DA:4275,0
DA:4276,0
DA:4277,10
DA:4278,0
DA:4279,0
DA:4280,10
DA:4281,10
DA:4282,0
DA:4283,10
DA:4284,0
DA:4285,10
DA:4286,5
DA:4287,0
DA:4290,0
DA:4292,5
DA:4293,0
DA:4294,5
DA:4295,0
DA:4296,5
DA:4297,5
DA:4298,0
DA:4299,0
DA:4300,0
DA:4301,0
DA:4303,0
DA:4305,0
DA:4306,0
DA:4307,0
DA:4308,0
DA:4309,0
DA:4310,0
DA:4370,0
DA:4371,0
DA:4372,0
DA:4373,0
DA:4374,0
DA:4375,0
DA:4376,0
DA:4377,0
DA:4378,0
DA:4379,0
DA:4380,0
DA:4381,0
DA:4382,0
DA:4383,0
DA:4384,0
DA:4385,0
DA:4387,0
DA:4388,0
DA:4389,0
DA:4390,0
DA:4391,0
DA:4392,0
DA:4394,0
DA:4395,0
DA:4396,0
DA:4398,0
DA:4399,0
DA:4400,0
DA:4404,0
DA:4405,0
DA:4406,0
DA:4407,0
DA:4408,0
DA:4409,0
DA:4410,0
DA:4411,0
DA:4446,0
DA:4447,0
DA:4448,0
DA:4449,0
DA:4450,0
DA:4451,0
DA:4453,0
DA:4454,0
DA:4455,0
DA:4456,0
DA:4457,0
DA:4458,0
DA:4459,0
DA:4460,0
DA:4461,0
DA:4462,0
DA:4463,0
DA:4464,0
DA:4465,0
DA:4466,0
DA:4467,0
DA:4468,0
DA:4469,0
DA:4471,0
DA:4472,0
DA:4473,0
DA:4474,0
DA:4475,0
DA:4476,0
DA:4477,0
DA:4479,0
DA:4480,0
DA:4483,0
DA:4485,0
DA:4522,0
DA:4523,0
DA:4524,0
DA:4525,0
DA:4527,0
DA:4528,0
DA:4530,0
DA:4533,0
DA:4534,0
DA:4535,0
DA:4536,0
DA:4537,0
DA:4538,0
DA:4539,0
DA:4540,0
DA:4541,0
DA:4542,0
DA:4543,0
DA:4669,0
DA:4670,0
DA:4671,0
DA:4672,0
DA:4673,0
DA:4674,0
DA:4675,0
DA:4676,0
DA:4694,0
DA:4695,0
DA:4697,0
DA:4698,0
DA:4699,0
DA:4701,0
DA:4702,0
DA:4703,0
DA:4719,0
DA:4722,0
DA:4725,55
DA:4734,5
DA:4739,5
DA:4740,5
DA:4743,5
DA:4744,5
DA:4745,0
DA:4747,0
DA:4750,5
DA:4751,5
DA:4752,0
DA:4753,0
DA:4757,5
DA:4758,5
DA:4759,0
DA:4760,0
DA:4761,0
DA:4762,0
DA:4765,5
DA:4767,75
DA:4770,70
DA:4771,70
DA:4773,70
DA:4774,0
DA:4775,70
DA:4776,835
DA:4777,835
DA:4778,70
DA:4779,70
DA:4781,765
DA:4783,70
DA:4784,15
DA:4786,55
DA:4787,55
DA:4788,0
DA:4790,0
DA:4791,0
DA:4793,55
DA:4794,55
DA:4795,55
DA:4798,5
DA:4800,10
DA:4801,5
DA:4803,5
DA:4804,0
DA:4807,5
DA:4808,0
DA:4810,0
DA:4811,0
DA:4815,5
DA:4819,0
DA:4826,0
DA:4827,0
DA:4828,0
DA:4830,0
DA:4833,0
DA:4834,0
DA:4836,0
DA:4837,0
DA:4838,0
DA:4841,0
LF:1550
LH:294
end_of_record
TN:
SF:/home/kalok/Desktop/hostap-wpa3/hostapd/ctrl_iface.c
FN:102,108,hostapd_ctrl_iface_level
FN:111,134,hostapd_ctrl_iface_new_sta
FN:1136,1167,hostapd_ctrl_iface_set_band
FN:1170,1321,hostapd_ctrl_iface_set
FN:1324,1344,hostapd_ctrl_iface_get
FN:1347,1354,hostapd_ctrl_iface_enable
FN:1357,1364,hostapd_ctrl_iface_reload
FN:1367,1374,hostapd_ctrl_iface_disable
FN:1378,1410,hostapd_ctrl_iface_kick_mismatch_psk_sta_iter
FN:138,153,hostapd_ctrl_iface_sa_query
FN:1413,1431,hostapd_ctrl_iface_reload_wpa_psk
FN:2404,2491,hostapd_ctrl_check_freq_params
FN:2495,2590,hostapd_ctrl_iface_chan_switch
FN:2593,2603,hostapd_ctrl_iface_mib
FN:2606,2671,hostapd_ctrl_iface_vendor
FN:2674,2689,hostapd_ctrl_iface_eapol_reauth
FN:2692,2712,hostapd_ctrl_iface_eapol_set
FN:2715,2758,hostapd_ctrl_iface_log_level
FN:2762,2794,hostapd_ctrl_iface_track_sta_list
FN:2798,2809,hostapd_ctrl_iface_req_lci
FN:2812,2868,hostapd_ctrl_iface_req_range
FN:2871,2908,hostapd_ctrl_iface_req_beacon
FN:2911,2922,hostapd_ctrl_iface_show_neighbor
FN:2925,3033,hostapd_ctrl_iface_set_neighbor
FN:3036,3060,hostapd_ctrl_iface_remove_neighbor
FN:3063,3088,hostapd_ctrl_driver_flags
FN:3091,3116,hostapd_ctrl_driver_flags2
FN:3119,3146,hostapd_ctrl_iface_get_capability
FN:3166,3703,hostapd_ctrl_iface_receive_process
FN:3706,3789,hostapd_ctrl_iface_receive
FN:3793,3811,hostapd_ctrl_iface_path
FN:3815,3823,hostapd_ctrl_iface_msg_cb
FN:3826,4072,hostapd_ctrl_iface_init
FN:4075,4117,hostapd_ctrl_iface_deinit
FN:4120,4128,hostapd_ctrl_iface_add
FN:4131,4139,hostapd_ctrl_iface_remove
FN:4142,4148,hostapd_global_ctrl_iface_attach
FN:4151,4156,hostapd_global_ctrl_iface_detach
FN:4159,4183,hostapd_ctrl_iface_flush
FN:4241,4259,hostapd_interfaces_get_hapd
FN:4262,4322,hostapd_ctrl_iface_dup_param
FN:4326,4367,hostapd_global_ctrl_iface_interfaces
FN:4371,4412,hostapd_global_ctrl_iface_dup_network
FN:4415,4436,hostapd_global_ctrl_iface_ifname
FN:4439,4594,hostapd_global_ctrl_iface_receive
FN:4598,4616,hostapd_global_ctrl_iface_path
FN:4620,4814,hostapd_global_ctrl_iface_init
FN:4817,4857,hostapd_global_ctrl_iface_deinit
FN:4860,4869,hostapd_ctrl_check_event_enabled
FN:4872,4934,hostapd_ctrl_iface_send_internal
FN:4937,4955,hostapd_ctrl_iface_send
FN:813,953,hostapd_ctrl_iface_get_key_mgmt
FN:86,91,hostapd_ctrl_iface_attach
FN:94,99,hostapd_ctrl_iface_detach
FN:956,1133,hostapd_ctrl_iface_get_config
FNDA:0,hostapd_ctrl_iface_level
FNDA:0,hostapd_ctrl_iface_new_sta
FNDA:0,hostapd_ctrl_iface_set_band
FNDA:0,hostapd_ctrl_iface_set
FNDA:0,hostapd_ctrl_iface_get
FNDA:0,hostapd_ctrl_iface_enable
FNDA:0,hostapd_ctrl_iface_reload
FNDA:0,hostapd_ctrl_iface_disable
FNDA:0,hostapd_ctrl_iface_kick_mismatch_psk_sta_iter
FNDA:0,hostapd_ctrl_iface_sa_query
FNDA:0,hostapd_ctrl_iface_reload_wpa_psk
FNDA:0,hostapd_ctrl_check_freq_params
FNDA:0,hostapd_ctrl_iface_chan_switch
FNDA:0,hostapd_ctrl_iface_mib
FNDA:0,hostapd_ctrl_iface_vendor
FNDA:0,hostapd_ctrl_iface_eapol_reauth
FNDA:0,hostapd_ctrl_iface_eapol_set
FNDA:0,hostapd_ctrl_iface_log_level
FNDA:0,hostapd_ctrl_iface_track_sta_list
FNDA:0,hostapd_ctrl_iface_req_lci
FNDA:0,hostapd_ctrl_iface_req_range
FNDA:0,hostapd_ctrl_iface_req_beacon
FNDA:0,hostapd_ctrl_iface_show_neighbor
FNDA:0,hostapd_ctrl_iface_set_neighbor
FNDA:0,hostapd_ctrl_iface_remove_neighbor
FNDA:0,hostapd_ctrl_driver_flags
FNDA:0,hostapd_ctrl_driver_flags2
FNDA:0,hostapd_ctrl_iface_get_capability
FNDA:0,hostapd_ctrl_iface_receive_process
FNDA:0,hostapd_ctrl_iface_receive
FNDA:0,hostapd_ctrl_iface_path
FNDA:0,hostapd_ctrl_iface_msg_cb
FNDA:5,hostapd_ctrl_iface_init
FNDA:5,hostapd_ctrl_iface_deinit
FNDA:0,hostapd_ctrl_iface_add
FNDA:0,hostapd_ctrl_iface_remove
FNDA:0,hostapd_global_ctrl_iface_attach
FNDA:0,hostapd_global_ctrl_iface_detach
FNDA:0,hostapd_ctrl_iface_flush
FNDA:0,hostapd_interfaces_get_hapd
FNDA:0,hostapd_ctrl_iface_dup_param
FNDA:0,hostapd_global_ctrl_iface_interfaces
FNDA:0,hostapd_global_ctrl_iface_dup_network
FNDA:0,hostapd_global_ctrl_iface_ifname
FNDA:0,hostapd_global_ctrl_iface_receive
FNDA:0,hostapd_global_ctrl_iface_path
FNDA:5,hostapd_global_ctrl_iface_init
FNDA:5,hostapd_global_ctrl_iface_deinit
FNDA:0,hostapd_ctrl_check_event_enabled
FNDA:0,hostapd_ctrl_iface_send_internal
FNDA:0,hostapd_ctrl_iface_send
FNDA:0,hostapd_ctrl_iface_get_key_mgmt
FNDA:0,hostapd_ctrl_iface_attach
FNDA:0,hostapd_ctrl_iface_detach
FNDA:0,hostapd_ctrl_iface_get_config
FNF:55
FNH:4
DA:86,0
DA:90,0
DA:94,0
DA:98,0
DA:102,0
DA:107,0
DA:111,0
DA:117,0
DA:119,0
DA:120,0
DA:122,0
DA:123,0
DA:124,0
DA:126,0
DA:127,0
DA:128,0
DA:129,0
DA:130,0
DA:132,0
DA:133,0
DA:138,0
DA:144,0
DA:146,0
DA:147,0
DA:148,0
DA:150,0
DA:152,0
DA:813,0
DA:816,0
DA:819,0
DA:820,0
DA:824,0
DA:825,0
DA:826,0
DA:827,0
DA:828,0
DA:830,0
DA:831,0
DA:832,0
DA:833,0
DA:834,0
DA:880,0
DA:881,0
DA:882,0
DA:883,0
DA:884,0
DA:886,0
DA:887,0
DA:888,0
DA:889,0
DA:890,0
DA:893,0
DA:894,0
DA:895,0
DA:896,0
DA:897,0
DA:900,0
DA:901,0
DA:902,0
DA:903,0
DA:904,0
DA:906,0
DA:908,0
DA:910,0
DA:911,0
DA:912,0
DA:939,0
DA:940,0
DA:941,0
DA:942,0
DA:943,0
DA:947,0
DA:948,0
DA:949,0
DA:952,0
DA:956,0
DA:962,0
DA:963,0
DA:965,0
DA:967,0
DA:968,0
DA:969,0
DA:970,0
DA:971,0
DA:972,0
DA:1051,0
DA:1052,0
DA:1053,0
DA:1054,0
DA:1055,0
DA:1058,0
DA:1059,0
DA:1060,0
DA:1061,0
DA:1062,0
DA:1064,0
DA:1066,0
DA:1067,0
DA:1068,0
DA:1069,0
DA:1072,0
DA:1073,0
DA:1074,0
DA:1075,0
DA:1076,0
DA:1077,0
DA:1080,0
DA:1081,0
DA:1082,0
DA:1083,0
DA:1084,0
DA:1086,0
DA:1088,0
DA:1089,0
DA:1090,0
DA:1092,0
DA:1093,0
DA:1094,0
DA:1095,0
DA:1098,0
DA:1099,0
DA:1100,0
DA:1101,0
DA:1102,0
DA:1104,0
DA:1106,0
DA:1107,0
DA:1108,0
DA:1110,0
DA:1111,0
DA:1112,0
DA:1113,0
DA:1116,0
DA:1117,0
DA:1118,0
DA:1119,0
DA:1120,0
DA:1121,0
DA:1124,0
DA:1125,0
DA:1126,0
DA:1127,0
DA:1128,0
DA:1129,0
DA:1132,0
DA:1136,0
DA:1140,0
DA:1148,0
DA:1149,0
DA:1150,0
DA:1151,0
DA:1152,0
DA:1153,0
DA:1154,0
DA:1155,0
DA:1156,0
DA:1159,0
DA:1160,0
DA:1161,0
DA:1162,0
DA:1163,0
DA:1166,0
DA:1170,0
DA:1173,0
DA:1175,0
DA:1176,0
DA:1177,0
DA:1178,0
DA:1180,0
DA:1253,0
DA:1254,0
DA:1255,0
DA:1257,0
DA:1259,0
DA:1260,0
DA:1261,0
DA:1262,0
DA:1263,0
DA:1264,0
DA:1265,0
DA:1266,0
DA:1267,0
DA:1268,0
DA:1270,0
DA:1271,0
DA:1273,0
DA:1274,0
DA:1275,0
DA:1277,0
DA:1278,0
DA:1279,0
DA:1280,0
DA:1281,0
DA:1282,0
DA:1283,0
DA:1284,0
DA:1285,0
DA:1287,0
DA:1288,0
DA:1289,0
DA:1290,0
DA:1291,0
DA:1292,0
DA:1293,0
DA:1294,0
DA:1320,0
DA:1324,0
DA:1329,0
DA:1331,0
DA:1332,0
DA:1333,0
DA:1334,0
DA:1335,0
DA:1336,0
DA:1337,0
DA:1338,0
DA:1339,0
DA:1340,0
DA:1343,0
DA:1347,0
DA:1349,0
DA:1350,0
DA:1351,0
DA:1353,0
DA:1357,0
DA:1359,0
DA:1360,0
DA:1361,0
DA:1363,0
DA:1367,0
DA:1369,0
DA:1370,0
DA:1371,0
DA:1373,0
DA:1378,0
DA:1389,0
DA:1391,0
DA:1392,0
DA:1393,0
DA:1394,0
DA:1395,0
DA:1396,0
DA:1398,0
DA:1399,0
DA:1402,0
DA:1404,0
DA:1405,0
DA:1406,0
DA:1407,0
DA:1409,0
DA:1413,0
DA:1415,0
DA:1418,0
DA:1420,0
DA:1421,0
DA:1422,0
DA:1424,0
DA:1427,0
DA:1430,0
DA:2404,0
DA:2406,0
DA:2407,0
DA:2411,0
DA:2412,0
DA:2413,0
DA:2415,0
DA:2416,0
DA:2417,0
DA:2418,0
DA:2419,0
DA:2420,0
DA:2422,0
DA:2423,0
DA:2424,0
DA:2425,0
DA:2426,0
DA:2427,0
DA:2428,0
DA:2429,0
DA:2430,0
DA:2431,0
DA:2432,0
DA:2433,0
DA:2434,0
DA:2436,0
DA:2437,0
DA:2438,0
DA:2439,0
DA:2441,0
DA:2442,0
DA:2443,0
DA:2444,0
DA:2445,0
DA:2446,0
DA:2447,0
DA:2448,0
DA:2449,0
DA:2450,0
DA:2451,0
DA:2452,0
DA:2453,0
DA:2457,0
DA:2458,0
DA:2459,0
DA:2460,0
DA:2461,0
DA:2462,0
DA:2463,0
DA:2464,0
DA:2465,0
DA:2467,0
DA:2468,0
DA:2469,0
DA:2470,0
DA:2471,0
DA:2472,0
DA:2473,0
DA:2474,0
DA:2475,0
DA:2476,0
DA:2477,0
DA:2478,0
DA:2479,0
DA:2480,0
DA:2481,0
DA:2482,0
DA:2483,0
DA:2485,0
DA:2486,0
DA:2487,0
DA:2490,0
DA:2495,0
DA:2501,0
DA:2506,0
DA:2507,0
DA:2508,0
DA:2510,0
DA:2511,0
DA:2512,0
DA:2514,0
DA:2517,0
DA:2518,0
DA:2519,0
DA:2520,0
DA:2521,0
DA:2522,0
DA:2523,0
DA:2525,0
DA:2526,0
DA:2527,0
DA:2528,0
DA:2529,0
DA:2530,0
DA:2531,0
DA:2532,0
DA:2535,0
DA:2536,0
DA:2539,0
DA:2542,0
DA:2543,0
DA:2546,0
DA:2547,0
DA:2548,0
DA:2549,0
DA:2554,0
DA:2557,0
DA:2559,0
DA:2568,0
DA:2569,0
DA:2572,0
DA:2575,0
DA:2578,0
DA:2579,0
DA:2582,0
DA:2586,0
DA:2593,0
DA:2602,0
DA:2606,0
DA:2610,0
DA:2611,0
DA:2613,0
DA:2615,0
DA:2621,0
DA:2622,0
DA:2623,0
DA:2625,0
DA:2627,0
DA:2628,0
DA:2629,0
DA:2631,0
DA:2632,0
DA:2635,0
DA:2636,0
DA:2637,0
DA:2638,0
DA:2639,0
DA:2641,0
DA:2642,0
DA:2644,0
DA:2645,0
DA:2649,0
DA:2650,0
DA:2651,0
DA:2654,0
DA:2655,0
DA:2656,0
DA:2657,0
DA:2660,0
DA:2663,0
DA:2664,0
DA:2667,0
DA:2668,0
DA:2670,0
DA:2674,0
DA:2680,0
DA:2681,0
DA:2683,0
DA:2684,0
DA:2685,0
DA:2687,0
DA:2688,0
DA:2692,0
DA:2696,0
DA:2698,0
DA:2699,0
DA:2700,0
DA:2701,0
DA:2702,0
DA:2703,0
DA:2704,0
DA:2705,0
DA:2707,0
DA:2708,0
DA:2709,0
DA:2711,0
DA:2715,0
DA:2722,0
DA:2723,0
DA:2724,0
DA:2725,0
DA:2729,0
DA:2730,0
DA:2732,0
DA:2735,0
DA:2736,0
DA:2738,0
DA:2739,0
DA:2740,0
DA:2741,0
DA:2742,0
DA:2746,0
DA:2747,0
DA:2748,0
DA:2749,0
DA:2750,0
DA:2753,0
DA:2754,0
DA:2756,0
DA:2757,0
DA:2762,0
DA:2765,0
DA:2770,0
DA:2771,0
DA:2773,0
DA:2775,0
DA:2776,0
DA:2778,0
DA:2779,0
DA:2784,0
DA:2785,0
DA:2786,0
DA:2788,0
DA:2789,0
DA:2790,0
DA:2793,0
DA:2798,0
DA:2803,0
DA:2804,0
DA:2805,0
DA:2808,0
DA:2812,0
DA:2815,0
DA:2820,0
DA:2821,0
DA:2822,0
DA:2824,0
DA:2827,0
DA:2828,0
DA:2829,0
DA:2831,0
DA:2832,0
DA:2833,0
DA:2835,0
DA:2836,0
DA:2837,0
DA:2839,0
DA:2840,0
DA:2841,0
DA:2843,0
DA:2844,0
DA:2845,0
DA:2846,0
DA:2848,0
DA:2851,0
DA:2852,0
DA:2854,0
DA:2857,0
DA:2860,0
DA:2861,0
DA:2863,0
DA:2866,0
DA:2871,0
DA:2879,0
DA:2881,0
DA:2882,0
DA:2883,0
DA:2884,0
DA:2885,0
DA:2886,0
DA:2887,0
DA:2888,0
DA:2890,0
DA:2891,0
DA:2892,0
DA:2893,0
DA:2894,0
DA:2895,0
DA:2896,0
DA:2897,0
DA:2899,0
DA:2900,0
DA:2901,0
DA:2903,0
DA:2904,0
DA:2905,0
DA:2906,0
DA:2907,0
DA:2911,0
DA:2914,0
DA:2916,0
DA:2918,0
DA:2921,0
DA:2925,0
DA:2929,0
DA:2930,0
DA:2931,0
DA:2933,0
DA:2935,0
DA:2937,0
DA:2939,0
DA:2942,0
DA:2943,0
DA:2944,0
DA:2947,0
DA:2948,0
DA:2949,0
DA:2951,0
DA:2953,0
DA:2954,0
DA:2955,0
DA:2957,0
DA:2958,0
DA:2959,0
DA:2961,0
DA:2964,0
DA:2965,0
DA:2966,0
DA:2968,0
DA:2969,0
DA:2970,0
DA:2972,0
DA:2975,0
DA:2976,0
DA:2978,0
DA:2979,0
DA:2980,0
DA:2981,0
DA:2982,0
DA:2983,0
DA:2984,0
DA:2985,0
DA:2987,0
DA:2991,0
DA:2992,0
DA:2994,0
DA:2995,0
DA:2996,0
DA:2997,0
DA:2998,0
DA:2999,0
DA:3000,0
DA:3001,0
DA:3003,0
DA:3007,0
DA:3008,0
DA:3010,0
DA:3011,0
DA:3013,0
DA:3014,0
DA:3015,0
DA:3016,0
DA:3017,0
DA:3019,0
DA:3023,0
DA:3024,0
DA:3027,0
DA:3028,0
DA:3029,0
DA:3030,0
DA:3032,0
DA:3036,0
DA:3040,0
DA:3044,0
DA:3045,0
DA:3046,0
DA:3049,0
DA:3050,0
DA:3051,0
DA:3052,0
DA:3053,0
DA:3055,0
DA:3059,0
DA:3063,0
DA:3069,0
DA:3070,0
DA:3071,0
DA:3072,0
DA:3074,0
DA:3075,0
DA:3077,0
DA:3078,0
DA:3079,0
DA:3080,0
DA:3081,0
DA:3082,0
DA:3083,0
DA:3087,0
DA:3091,0
DA:3097,0
DA:3098,0
DA:3099,0
DA:3100,0
DA:3102,0
DA:3103,0
DA:3105,0
DA:3106,0
DA:3107,0
DA:3108,0
DA:3109,0
DA:3110,0
DA:3111,0
DA:3115,0
DA:3119,0
DA:3123,0
DA:3126,0
DA:3132,0
DA:3136,0
DA:3137,0
DA:3138,0
DA:3142,0
DA:3145,0
DA:3166,0
DA:3174,0
DA:3175,0
DA:3177,0
DA:3178,0
DA:3179,0
DA:3180,0
DA:3181,0
DA:3182,0
DA:3183,0
DA:3184,0
DA:3185,0
DA:3186,0
DA:3188,0
DA:3189,0
DA:3190,0
DA:3191,0
DA:3192,0
DA:3193,0
DA:3194,0
DA:3195,0
DA:3196,0
DA:3198,0
DA:3200,0
DA:3201,0
DA:3202,0
DA:3203,0
DA:3204,0
DA:3206,0
DA:3209,0
DA:3210,0
DA:3212,0
DA:3213,0
DA:3214,0
DA:3216,0
DA:3219,0
DA:3220,0
DA:3221,0
DA:3222,0
DA:3223,0
DA:3225,0
DA:3226,0
DA:3228,0
DA:3229,0
DA:3231,0
DA:3232,0
DA:3233,0
DA:3234,0
DA:3235,0
DA:3236,0
DA:3237,0
DA:3238,0
DA:3239,0
DA:3240,0
DA:3241,0
DA:3243,0
DA:3244,0
DA:3245,0
DA:3246,0
DA:3247,0
DA:3248,0
DA:3249,0
DA:3250,0
DA:3251,0
DA:3252,0
DA:3258,0
DA:3259,0
DA:3260,0
DA:3261,0
DA:3262,0
DA:3263,0
DA:3265,0
DA:3266,0
DA:3267,0
DA:3339,0
DA:3340,0
DA:3342,0
DA:3343,0
DA:3344,0
DA:3345,0
DA:3346,0
DA:3348,0
DA:3349,0
DA:3350,0
DA:3351,0
DA:3352,0
DA:3353,0
DA:3354,0
DA:3355,0
DA:3356,0
DA:3357,0
DA:3358,0
DA:3359,0
DA:3360,0
DA:3361,0
DA:3362,0
DA:3431,0
DA:3432,0
DA:3433,0
DA:3434,0
DA:3435,0
DA:3437,0
DA:3438,0
DA:3442,0
DA:3443,0
DA:3444,0
DA:3445,0
DA:3446,0
DA:3447,0
DA:3448,0
DA:3449,0
DA:3452,0
DA:3453,0
DA:3456,0
DA:3457,0
DA:3459,0
DA:3460,0
DA:3461,0
DA:3462,0
DA:3463,0
DA:3464,0
DA:3465,0
DA:3466,0
DA:3467,0
DA:3468,0
DA:3470,0
DA:3471,0
DA:3472,0
DA:3473,0
DA:3474,0
DA:3475,0
DA:3476,0
DA:3477,0
DA:3478,0
DA:3479,0
DA:3480,0
DA:3482,0
DA:3483,0
DA:3485,0
DA:3486,0
DA:3488,0
DA:3489,0
DA:3490,0
DA:3491,0
DA:3492,0
DA:3493,0
DA:3494,0
DA:3495,0
DA:3496,0
DA:3497,0
DA:3498,0
DA:3499,0
DA:3500,0
DA:3501,0
DA:3502,0
DA:3503,0
DA:3504,0
DA:3505,0
DA:3506,0
DA:3507,0
DA:3508,0
DA:3509,0
DA:3510,0
DA:3511,0
DA:3512,0
DA:3513,0
DA:3514,0
DA:3516,0
DA:3517,0
DA:3518,0
DA:3519,0
DA:3520,0
DA:3521,0
DA:3522,0
DA:3523,0
DA:3524,0
DA:3525,0
DA:3526,0
DA:3527,0
DA:3528,0
DA:3529,0
DA:3530,0
DA:3531,0
DA:3532,0
DA:3533,0
DA:3534,0
DA:3535,0
DA:3536,0
DA:3537,0
DA:3538,0
DA:3539,0
DA:3542,0
DA:3543,0
DA:3544,0
DA:3545,0
DA:3547,0
DA:3548,0
DA:3549,0
DA:3551,0
DA:3552,0
DA:3553,0
DA:3554,0
DA:3556,0
DA:3557,0
DA:3558,0
DA:3560,0
DA:3561,0
DA:3562,0
DA:3563,0
DA:3565,0
DA:3566,0
DA:3567,0
DA:3569,0
DA:3570,0
DA:3571,0
DA:3572,0
DA:3574,0
DA:3575,0
DA:3576,0
DA:3578,0
DA:3579,0
DA:3580,0
DA:3581,0
DA:3583,0
DA:3584,0
DA:3585,0
DA:3587,0
DA:3588,0
DA:3589,0
DA:3590,0
DA:3591,0
DA:3594,0
DA:3595,0
DA:3596,0
DA:3597,0
DA:3599,0
DA:3600,0
DA:3601,0
DA:3603,0
DA:3604,0
DA:3605,0
DA:3607,0
DA:3608,0
DA:3609,0
DA:3610,0
DA:3611,0
DA:3612,0
DA:3613,0
DA:3614,0
DA:3615,0
DA:3616,0
DA:3617,0
DA:3618,0
DA:3619,0
DA:3620,0
DA:3621,0
DA:3622,0
DA:3623,0
DA:3624,0
DA:3625,0
DA:3627,0
DA:3628,0
DA:3629,0
DA:3631,0
DA:3632,0
DA:3633,0
DA:3634,0
DA:3635,0
DA:3636,0
DA:3637,0
DA:3638,0
DA:3639,0
DA:3640,0
DA:3641,0
DA:3642,0
DA:3643,0
DA:3644,0
DA:3645,0
DA:3647,0
DA:3648,0
DA:3649,0
DA:3650,0
DA:3652,0
DA:3653,0
DA:3654,0
DA:3656,0
DA:3657,0
DA:3658,0
DA:3660,0
DA:3661,0
DA:3662,0
DA:3663,0
DA:3664,0
DA:3665,0
DA:3666,0
DA:3667,0
DA:3668,0
DA:3669,0
DA:3670,0
DA:3671,0
DA:3672,0
DA:3680,0
DA:3681,0
DA:3682,0
DA:3693,0
DA:3694,0
DA:3697,0
DA:3698,0
DA:3699,0
DA:3702,0
DA:3706,0
DA:3709,0
DA:3713,0
DA:3714,0
DA:3715,0
DA:3717,0
DA:3722,0
DA:3724,0
DA:3725,0
DA:3726,0
DA:3727,0
DA:3729,0
DA:3731,0
DA:3732,0
DA:3733,0
DA:3735,0
DA:3736,0
DA:3738,0
DA:3772,0
DA:3773,0
DA:3774,0
DA:3776,0
DA:3783,0
DA:3785,0
DA:3786,0
DA:3788,0
DA:3793,0
DA:3798,0
DA:3799,0
DA:3801,0
DA:3802,0
DA:3803,0
DA:3804,0
DA:3805,0
DA:3807,0
DA:3808,0
DA:3809,0
DA:3810,0
DA:3815,0
DA:3819,0
DA:3820,0
DA:3821,0
DA:3822,0
DA:3826,5
DA:3922,5
DA:3923,5
DA:3925,5
DA:3926,0
DA:3927,0
DA:3930,5
DA:3932,5
DA:3933,5
DA:3935,0
DA:3936,0
DA:3937,0
DA:3940,0
DA:3941,0
DA:3942,0
DA:3946,0
DA:3947,0
DA:3948,0
DA:3949,0
DA:3950,0
DA:3951,0
DA:3954,0
DA:3955,0
DA:3956,0
DA:3957,0
DA:3958,0
DA:3959,0
DA:3960,0
DA:3978,0
DA:3979,0
DA:3980,0
DA:3982,0
DA:3983,0
DA:3984,0
DA:3985,0
DA:3988,0
DA:3992,0
DA:3993,0
DA:3994,0
DA:3995,0
DA:3996,0
DA:3997,0
DA:3998,0
DA:3999,0
DA:4000,0
DA:4001,0
DA:4004,0
DA:4005,0
DA:4007,0
DA:4008,0
DA:4010,0
DA:4012,0
DA:4014,0
DA:4015,0
DA:4017,0
DA:4020,0
DA:4022,0
DA:4024,0
DA:4025,0
DA:4026,0
DA:4030,0
DA:4031,0
DA:4032,0
DA:4033,0
DA:4034,0
DA:4037,0
DA:4038,0
DA:4039,0
DA:4040,0
DA:4041,0
DA:4042,0
DA:4045,0
DA:4046,0
DA:4047,0
DA:4048,0
DA:4050,0
DA:4052,0
DA:4053,0
DA:4055,0
DA:4056,0
DA:4058,0
DA:4059,0
DA:4061,0
DA:4063,0
DA:4064,0
DA:4065,0
DA:4066,0
DA:4067,0
DA:4068,0
DA:4070,0
DA:4075,5
DA:4079,5
DA:4084,0
DA:4085,0
DA:4086,0
DA:4088,0
DA:4089,0
DA:4090,0
DA:4091,0
DA:4093,0
DA:4094,0
DA:4095,0
DA:4096,0
DA:4100,0
DA:4102,0
DA:4103,0
DA:4109,5
DA:4111,0
DA:4117,5
DA:4120,0
DA:4123,0
DA:4124,0
DA:4125,0
DA:4127,0
DA:4131,0
DA:4134,0
DA:4135,0
DA:4136,0
DA:4138,0
DA:4142,0
DA:4146,0
DA:4151,0
DA:4155,0
DA:4159,0
DA:4181,0
DA:4183,0
DA:4241,0
DA:4246,0
DA:4247,0
DA:4249,0
DA:4252,0
DA:4253,0
DA:4254,0
DA:4258,0
DA:4262,0
DA:4269,0
DA:4270,0
DA:4271,0
DA:4274,0
DA:4277,0
DA:4278,0
DA:4279,0
DA:4280,0
DA:4281,0
DA:4282,0
DA:4284,0
DA:4285,0
DA:4286,0
DA:4287,0
DA:4288,0
DA:4290,0
DA:4291,0
DA:4292,0
DA:4293,0
DA:4294,0
DA:4295,0
DA:4297,0
DA:4298,0
DA:4299,0
DA:4300,0
DA:4301,0
DA:4302,0
DA:4303,0
DA:4304,0
DA:4305,0
DA:4306,0
DA:4307,0
DA:4309,0
DA:4310,0
DA:4313,0
DA:4314,0
DA:4315,0
DA:4317,0
DA:4318,0
DA:4319,0
DA:4320,0
DA:4321,0
DA:4326,0
DA:4334,0
DA:4336,0
DA:4337,0
DA:4339,0
DA:4340,0
DA:4342,0
DA:4343,0
DA:4345,0
DA:4348,0
DA:4349,0
DA:4350,0
DA:4352,0
DA:4353,0
DA:4356,0
DA:4357,0
DA:4358,0
DA:4359,0
DA:4360,0
DA:4362,0
DA:4366,0
DA:4371,0
DA:4374,0
DA:4379,0
DA:4380,0
DA:4381,0
DA:4383,0
DA:4386,0
DA:4387,0
DA:4388,0
DA:4389,0
DA:4391,0
DA:4394,0
DA:4395,0
DA:4396,0
DA:4397,0
DA:4399,0
DA:4402,0
DA:4403,0
DA:4404,0
DA:4405,0
DA:4407,0
DA:4410,0
DA:4411,0
DA:4415,0
DA:4424,0
DA:4425,0
DA:4428,0
DA:4429,0
DA:4430,0
DA:4431,0
DA:4434,0
DA:4439,0
DA:4442,0
DA:4443,0
DA:4446,0
DA:4449,0
DA:4454,0
DA:4456,0
DA:4457,0
DA:4458,0
DA:4459,0
DA:4461,0
DA:4462,0
DA:4464,0
DA:4465,0
DA:4466,0
DA:4468,0
DA:4469,0
DA:4471,0
DA:4474,0
DA:4475,0
DA:4508,0
DA:4509,0
DA:4511,0
DA:4512,0
DA:4513,0
DA:4514,0
DA:4516,0
DA:4520,0
DA:4521,0
DA:4522,0
DA:4523,0
DA:4524,0
DA:4525,0
DA:4526,0
DA:4527,0
DA:4528,0
DA:4529,0
DA:4530,0
DA:4531,0
DA:4532,0
DA:4533,0
DA:4534,0
DA:4535,0
DA:4537,0
DA:4538,0
DA:4539,0
DA:4541,0
DA:4542,0
DA:4543,0
DA:4545,0
DA:4565,0
DA:4566,0
DA:4568,0
DA:4570,0
DA:4571,0
DA:4572,0
DA:4573,0
DA:4574,0
DA:4575,0
DA:4577,0
DA:4579,0
DA:4582,0
DA:4583,0
DA:4584,0
DA:4585,0
DA:4588,0
DA:4590,0
DA:4591,0
DA:4593,0
DA:4598,0
DA:4603,0
DA:4604,0
DA:4606,0
DA:4607,0
DA:4608,0
DA:4609,0
DA:4610,0
DA:4612,0
DA:4614,0
DA:4615,0
DA:4620,5
DA:4707,5
DA:4708,5
DA:4710,5
DA:4711,5
DA:4712,5
DA:4715,0
DA:4716,0
DA:4717,0
DA:4720,0
DA:4721,0
DA:4722,0
DA:4724,0
DA:4725,0
DA:4727,0
DA:4728,0
DA:4729,0
DA:4732,0
DA:4733,0
DA:4734,0
DA:4736,0
DA:4737,0
DA:4738,0
DA:4739,0
DA:4742,0
DA:4746,0
DA:4747,0
DA:4748,0
DA:4749,0
DA:4750,0
DA:4751,0
DA:4752,0
DA:4753,0
DA:4754,0
DA:4755,0
DA:4758,0
DA:4759,0
DA:4761,0
DA:4762,0
DA:4764,0
DA:4766,0
DA:4767,0
DA:4768,0
DA:4770,0
DA:4773,0
DA:4775,0
DA:4777,0
DA:4778,0
DA:4779,0
DA:4783,0
DA:4784,0
DA:4785,0
DA:4786,0
DA:4787,0
DA:4790,0
DA:4791,0
DA:4792,0
DA:4793,0
DA:4795,0
DA:4797,0
DA:4798,0
DA:4801,0
DA:4803,0
DA:4805,0
DA:4806,0
DA:4807,0
DA:4808,0
DA:4809,0
DA:4810,0
DA:4812,0
DA:4817,5
DA:4820,5
DA:4824,5
DA:4825,0
DA:4826,0
DA:4827,0
DA:4829,0
DA:4830,0
DA:4831,0
DA:4832,0
DA:4835,0
DA:4836,0
DA:4837,0
DA:4838,0
DA:4842,0
DA:4845,0
DA:4851,5
DA:4852,5
DA:4854,5
DA:4856,0
DA:4857,5
DA:4860,0
DA:4866,0
DA:4867,0
DA:4868,0
DA:4872,0
DA:4882,0
DA:4883,0
DA:4885,0
DA:4886,0
DA:4887,0
DA:4888,0
DA:4889,0
DA:4890,0
DA:4891,0
DA:4892,0
DA:4893,0
DA:4894,0
DA:4895,0
DA:4896,0
DA:4897,0
DA:4898,0
DA:4900,0
DA:4901,0
DA:4902,0
DA:4903,0
DA:4904,0
DA:4905,0
DA:4906,0
DA:4907,0
DA:4908,0
DA:4910,0
DA:4911,0
DA:4912,0
DA:4913,0
DA:4914,0
DA:4916,0
DA:4917,0
DA:4918,0
DA:4919,0
DA:4920,0
DA:4922,0
DA:4923,0
DA:4924,0
DA:4925,0
DA:4930,0
DA:4932,0
DA:4937,0
DA:4941,0
DA:4942,0
DA:4943,0
DA:4944,0
DA:4946,0
DA:4950,0
DA:4951,0
DA:4955,0
LF:1469
LH:24
end_of_record
TN:
SF:/home/kalok/Desktop/hostap-wpa3/hostapd/eap_register.c
FN:23,155,eap_server_register_methods
FNDA:5,eap_server_register_methods
FNF:1
FNH:1
DA:23,5
DA:25,5
DA:28,5
DA:29,5
DA:33,5
DA:34,5
DA:38,5
DA:39,5
DA:55,5
DA:56,5
DA:60,5
DA:61,5
DA:70,5
DA:71,5
DA:75,5
DA:76,5
DA:154,5
LF:17
LH:17
end_of_record
TN:
SF:/home/kalok/Desktop/hostap-wpa3/hostapd/main.c
FN:153,247,hostapd_driver_init
FN:258,291,hostapd_interface_init
FN:297,301,handle_term
FN:306,313,handle_reload_iface
FN:319,325,handle_reload
FN:328,331,handle_dump_state
FN:335,378,hostapd_global_init
FN:381,409,hostapd_global_deinit
FN:412,449,hostapd_global_run
FN:45,146,hostapd_logger_cb
FN:452,461,show_version
FN:464,500,usage
FN:503,509,hostapd_msg_ifname_cb
FN:512,539,hostapd_get_global_ctrl_iface
FN:542,555,hostapd_get_ctrl_iface_group
FN:558,592,hostapd_get_interface_names
FN:620,624,hostapd_periodic_call
FN:628,635,hostapd_periodic
FN:638,944,main
FNDA:5,hostapd_driver_init
FNDA:5,hostapd_interface_init
FNDA:5,handle_term
FNDA:0,handle_reload_iface
FNDA:0,handle_reload
FNDA:0,handle_dump_state
FNDA:5,hostapd_global_init
FNDA:5,hostapd_global_deinit
FNDA:5,hostapd_global_run
FNDA:873,hostapd_logger_cb
FNDA:0,show_version
FNDA:0,usage
FNDA:1255,hostapd_msg_ifname_cb
FNDA:0,hostapd_get_global_ctrl_iface
FNDA:0,hostapd_get_ctrl_iface_group
FNDA:0,hostapd_get_interface_names
FNDA:58,hostapd_periodic_call
FNDA:58,hostapd_periodic
FNDA:5,main
FNF:19
FNH:11
DA:45,873
DA:48,873
DA:54,873
DA:55,873
DA:56,873
DA:57,0
DA:59,873
DA:60,873
DA:61,873
DA:62,873
DA:63,873
DA:65,0
DA:66,0
DA:69,873
DA:70,637
DA:71,637
DA:72,637
DA:73,0
DA:74,0
DA:75,0
DA:76,0
DA:77,0
DA:78,0
DA:79,0
DA:80,0
DA:81,0
DA:82,0
DA:83,0
DA:84,0
DA:85,236
DA:86,236
DA:87,236
DA:88,0
DA:89,0
DA:90,0
DA:93,873
DA:94,873
DA:95,873
DA:98,0
DA:99,0
DA:100,0
DA:102,0
DA:103,0
DA:104,0
DA:107,0
DA:115,873
DA:116,873
DA:117,873
DA:121,873
DA:123,234
DA:124,0
DA:126,0
DA:127,0
DA:128,13
DA:129,13
DA:130,13
DA:131,221
DA:132,221
DA:133,221
DA:134,0
DA:135,0
DA:136,0
DA:137,0
DA:138,0
DA:139,0
DA:141,234
DA:145,873
DA:153,5
DA:157,5
DA:158,5
DA:159,5
DA:162,5
DA:163,0
DA:164,0
DA:168,5
DA:169,5
DA:171,5
DA:172,5
DA:173,5
DA:174,0
DA:176,5
DA:177,5
DA:178,10
DA:179,5
DA:180,5
DA:181,0
DA:183,0
DA:184,0
DA:188,5
DA:189,5
DA:191,5
DA:192,5
DA:193,5
DA:194,5
DA:196,5
DA:197,5
DA:198,5
DA:199,0
DA:200,10
DA:201,5
DA:202,5
DA:203,0
DA:206,5
DA:208,5
DA:209,5
DA:210,5
DA:211,0
DA:212,0
DA:213,0
DA:214,0
DA:217,10
DA:218,5
DA:221,5
DA:222,5
DA:223,5
DA:227,5
DA:228,5
DA:229,5
DA:230,5
DA:236,5
DA:238,5
DA:239,5
DA:240,0
DA:241,0
DA:243,5
DA:246,5
DA:258,5
DA:264,5
DA:265,5
DA:266,5
DA:267,0
DA:269,5
DA:270,0
DA:274,5
DA:276,15
DA:277,10
DA:278,10
DA:281,5
DA:282,0
DA:283,0
DA:286,0
DA:287,0
DA:290,5
DA:297,5
DA:299,5
DA:300,5
DA:301,5
DA:306,0
DA:308,0
DA:309,0
DA:312,0
DA:319,0
DA:321,0
DA:322,0
DA:324,0
DA:325,0
DA:328,0
DA:331,0
DA:335,5
DA:340,5
DA:342,5
DA:344,5
DA:345,0
DA:346,0
DA:349,5
DA:350,0
DA:351,0
DA:353,5
DA:355,5
DA:358,5
DA:359,5
DA:361,5
DA:364,5
DA:367,15
DA:368,10
DA:369,5
DA:370,0
DA:371,0
DA:373,5
DA:374,5
DA:375,0
DA:377,5
DA:381,5
DA:385,15
DA:386,10
DA:387,5
DA:388,5
DA:390,5
DA:391,5
DA:397,5
DA:399,5
DA:400,5
DA:403,5
DA:406,5
DA:408,5
DA:409,5
DA:412,5
DA:434,5
DA:435,0
DA:436,0
DA:437,0
DA:439,0
DA:440,0
DA:441,0
DA:442,0
DA:446,5
DA:448,5
DA:452,0
DA:454,0
DA:461,0
DA:464,0
DA:466,0
DA:467,0
DA:499,0
DA:503,1255
DA:505,1255
DA:506,1255
DA:507,1255
DA:508,0
DA:512,0
DA:519,0
DA:520,0
DA:521,0
DA:522,0
DA:525,0
DA:526,0
DA:527,0
DA:529,0
DA:530,0
DA:531,0
DA:534,0
DA:535,0
DA:538,0
DA:542,0
DA:547,0
DA:548,0
DA:549,0
DA:550,0
DA:552,0
DA:554,0
DA:558,0
DA:565,0
DA:566,0
DA:567,0
DA:569,0
DA:570,0
DA:572,0
DA:573,0
DA:574,0
DA:576,0
DA:577,0
DA:578,0
DA:579,0
DA:580,0
DA:583,0
DA:585,0
DA:586,0
DA:587,0
DA:588,0
DA:589,0
DA:590,0
DA:591,0
DA:620,58
DA:622,58
DA:623,58
DA:628,58
DA:630,58
DA:632,58
DA:634,58
DA:635,58
DA:638,5
DA:641,5
DA:643,5
DA:644,5
DA:645,5
DA:646,5
DA:647,5
DA:648,5
DA:652,5
DA:653,5
DA:654,5
DA:659,5
DA:660,0
DA:662,5
DA:663,5
DA:664,5
DA:665,5
DA:666,5
DA:667,5
DA:668,5
DA:669,5
DA:670,5
DA:671,5
DA:672,5
DA:677,5
DA:678,5
DA:680,5
DA:682,5
DA:683,5
DA:684,0
DA:688,20
DA:689,20
DA:690,5
DA:691,15
DA:692,0
DA:693,0
DA:694,0
DA:695,10
DA:696,10
DA:697,10
DA:698,10
DA:699,10
DA:700,0
DA:701,0
DA:702,0
DA:703,0
DA:704,0
DA:705,0
DA:706,0
DA:707,0
DA:708,0
DA:709,5
DA:710,5
DA:711,5
DA:712,0
DA:713,0
DA:714,0
DA:715,0
DA:716,0
DA:717,0
DA:718,0
DA:724,0
DA:725,0
DA:726,0
DA:727,0
DA:728,0
DA:729,0
DA:730,0
DA:731,0
DA:732,0
DA:733,0
DA:734,0
DA:735,0
DA:736,0
DA:739,0
DA:740,0
DA:741,0
DA:742,0
DA:743,0
DA:749,0
DA:750,0
DA:751,0
DA:756,0
DA:757,0
DA:759,0
DA:760,0
DA:761,0
DA:762,0
DA:763,0
DA:764,0
DA:765,0
DA:766,0
DA:770,5
DA:772,0
DA:774,5
DA:776,5
DA:777,0
DA:778,5
DA:779,5
DA:794,5
DA:795,5
DA:796,5
DA:798,5
DA:799,0
DA:800,0
DA:804,5
DA:805,0
DA:806,0
DA:809,5
DA:812,5
DA:813,0
DA:815,0
DA:824,10
DA:825,5
DA:827,5
DA:828,0
DA:830,10
DA:832,5
DA:834,5
DA:835,0
DA:836,0
DA:838,5
DA:839,0
DA:843,5
DA:847,0
DA:848,0
DA:849,0
DA:850,0
DA:852,0
DA:853,0
DA:855,0
DA:856,0
DA:858,0
DA:859,0
DA:860,0
DA:861,0
DA:862,0
DA:864,0
DA:866,0
DA:867,0
DA:869,0
DA:870,0
DA:871,0
DA:873,0
DA:874,0
DA:886,5
DA:887,10
DA:888,10
DA:889,5
DA:890,0
DA:893,5
DA:895,5
DA:896,0
DA:897,0
DA:900,5
DA:902,5
DA:903,5
DA:905,10
DA:906,5
DA:907,0
DA:908,5
DA:909,5
DA:911,5
DA:912,5
DA:914,5
DA:915,5
DA:916,5
DA:919,5
DA:922,5
DA:923,5
DA:924,5
DA:925,5
DA:927,5
DA:928,5
DA:929,0
DA:930,5
DA:932,5
DA:934,5
DA:935,0
DA:936,5
DA:938,5
DA:940,5
DA:941,5
DA:943,5
LF:454
LH:233
end_of_record
TN:
SF:/home/kalok/Desktop/hostap-wpa3/src/ap/accounting.c
FN:170,198,accounting_sta_update_stats
FN:201,218,accounting_interim_update
FN:226,262,accounting_sta_start
FN:265,360,accounting_sta_report
FN:34,167,accounting_msg
FN:368,373,accounting_sta_interim
FN:381,392,accounting_sta_stop
FN:395,399,accounting_sta_get_id
FN:412,427,accounting_receive
FN:430,457,accounting_report_state
FN:460,514,accounting_interim_error_cb
FN:522,537,accounting_init
FN:544,547,accounting_deinit
FNDA:0,accounting_sta_update_stats
FNDA:0,accounting_interim_update
FNDA:0,accounting_sta_start
FNDA:0,accounting_sta_report
FNDA:0,accounting_msg
FNDA:0,accounting_sta_interim
FNDA:91,accounting_sta_stop
FNDA:91,accounting_sta_get_id
FNDA:0,accounting_receive
FNDA:10,accounting_report_state
FNDA:0,accounting_interim_error_cb
FNDA:5,accounting_init
FNDA:5,accounting_deinit
FNF:13
FNH:5
DA:34,0
DA:46,0
DA:47,0
DA:48,0
DA:49,0
DA:50,0
DA:53,0
DA:55,0
DA:56,0
DA:59,0
DA:60,0
DA:61,0
DA:62,0
DA:63,0
DA:64,0
DA:67,0
DA:68,0
DA:72,0
DA:75,0
DA:76,0
DA:77,0
DA:82,0
DA:83,0
DA:84,0
DA:85,0
DA:86,0
DA:89,0
DA:91,0
DA:92,0
DA:96,0
DA:98,0
DA:100,0
DA:101,0
DA:103,0
DA:104,0
DA:105,0
DA:107,0
DA:108,0
DA:110,0
DA:112,0
DA:113,0
DA:117,0
DA:118,0
DA:119,0
DA:121,0
DA:122,0
DA:123,0
DA:126,0
DA:127,0
DA:129,0
DA:130,0
DA:131,0
DA:132,0
DA:135,0
DA:136,0
DA:138,0
DA:139,0
DA:141,0
DA:145,0
DA:146,0
DA:147,0
DA:148,0
DA:149,0
DA:150,0
DA:157,0
DA:158,0
DA:159,0
DA:162,0
DA:164,0
DA:165,0
DA:166,0
DA:170,0
DA:174,0
DA:175,0
DA:177,0
DA:179,0
DA:180,0
DA:181,0
DA:183,0
DA:184,0
DA:185,0
DA:188,0
DA:197,0
DA:201,0
DA:203,0
DA:204,0
DA:207,0
DA:208,0
DA:209,0
DA:212,0
DA:213,0
DA:216,0
DA:218,0
DA:226,0
DA:231,0
DA:232,0
DA:234,0
DA:237,0
DA:239,0
DA:240,0
DA:241,0
DA:242,0
DA:243,0
DA:244,0
DA:246,0
DA:247,0
DA:249,0
DA:250,0
DA:252,0
DA:253,0
DA:256,0
DA:257,0
DA:258,0
DA:259,0
DA:261,0
DA:265,0
DA:269,0
DA:274,0
DA:275,0
DA:277,0
DA:280,0
DA:281,0
DA:282,0
DA:285,0
DA:286,0
DA:287,0
DA:288,0
DA:289,0
DA:290,0
DA:293,0
DA:294,0
DA:296,0
DA:297,0
DA:298,0
DA:300,0
DA:302,0
DA:303,0
DA:304,0
DA:306,0
DA:307,0
DA:309,0
DA:310,0
DA:311,0
DA:314,0
DA:315,0
DA:317,0
DA:319,0
DA:320,0
DA:321,0
DA:323,0
DA:324,0
DA:326,0
DA:327,0
DA:328,0
DA:331,0
DA:332,0
DA:334,0
DA:336,0
DA:337,0
DA:338,0
DA:342,0
DA:343,0
DA:345,0
DA:346,0
DA:348,0
DA:349,0
DA:352,0
DA:354,0
DA:355,0
DA:356,0
DA:358,0
DA:359,0
DA:368,0
DA:371,0
DA:372,0
DA:373,0
DA:381,91
DA:383,91
DA:384,0
DA:385,0
DA:386,0
DA:389,0
DA:390,0
DA:392,91
DA:395,91
DA:397,91
DA:412,0
DA:416,0
DA:417,0
DA:418,0
DA:421,0
DA:422,0
DA:423,0
DA:426,0
DA:430,10
DA:434,10
DA:435,10
DA:439,0
DA:442,0
DA:443,0
DA:445,0
DA:448,0
DA:449,0
DA:450,0
DA:452,0
DA:455,0
DA:456,0
DA:460,0
DA:462,0
DA:467,0
DA:468,0
DA:469,0
DA:470,0
DA:471,0
DA:472,0
DA:475,0
DA:476,0
DA:478,0
DA:490,0
DA:491,0
DA:493,0
DA:494,0
DA:495,0
DA:497,0
DA:499,0
DA:500,0
DA:503,0
DA:504,0
DA:505,0
DA:507,0
DA:510,0
DA:512,0
DA:522,5
DA:524,5
DA:526,0
DA:528,5
DA:530,0
DA:531,5
DA:534,5
DA:536,5
DA:544,5
DA:546,5
DA:547,5
LF:243
LH:17
end_of_record
TN:
SF:/home/kalok/Desktop/hostap-wpa3/src/ap/acs.h
FN:20,24,acs_init
FN:26,28,acs_cleanup
FNDA:0,acs_init
FNDA:5,acs_cleanup
FNF:2
FNH:1
DA:20,0
DA:22,0
DA:23,0
DA:26,5
DA:28,5
LF:5
LH:2
end_of_record
TN:
SF:/home/kalok/Desktop/hostap-wpa3/src/ap/airtime_policy.h
FN:31,35,airtime_policy_new_sta
FN:37,40,airtime_policy_update_init
FN:42,44,airtime_policy_update_deinit
FNDA:0,airtime_policy_new_sta
FNDA:5,airtime_policy_update_init
FNDA:5,airtime_policy_update_deinit
FNF:3
FNH:2
DA:31,0
DA:34,0
DA:37,5
DA:39,5
DA:42,5
DA:44,5
LF:6
LH:4
end_of_record
TN:
SF:/home/kalok/Desktop/hostap-wpa3/src/ap/ap_config.c
FN:1021,1044,hostapd_maclist_found
FN:1047,1059,hostapd_rate_found
FN:1062,1086,hostapd_vlan_valid
FN:1089,1098,hostapd_get_vlan_id_ifname
FN:1101,1139,hostapd_get_psk
FN:1143,1169,hostapd_sae_pk_password_without_pk
FN:1173,1210,hostapd_config_check_bss_6g
FN:1213,1451,hostapd_config_check_bss
FN:1454,1474,hostapd_config_check_cw
FN:1477,1539,hostapd_config_check
FN:1542,1620,hostapd_set_security_params
FN:1623,1643,hostapd_sae_pw_id_in_use
FN:1646,1658,hostapd_sae_pk_in_use
FN:1662,1677,hostapd_sae_pk_exclusively
FN:1681,1686,hostapd_acl_comp
FN:1689,1708,hostapd_add_acl_maclist
FN:1711,1724,hostapd_remove_acl_mac
FN:176,297,hostapd_config_defaults
FN:28,41,hostapd_config_free_vlan
FN:300,303,hostapd_mac_comp
FN:306,449,hostapd_config_read_wpa_psk
FN:452,473,hostapd_derive_psk
FN:476,513,hostapd_setup_sae_pt
FN:48,173,hostapd_config_defaults_bss
FN:516,537,hostapd_setup_wpa_psk
FN:540,549,hostapd_config_free_radius
FN:553,560,hostapd_config_get_radius_attr
FN:563,629,hostapd_parse_radius_attr
FN:632,642,hostapd_config_free_radius_attr
FN:645,652,hostapd_config_free_eap_user
FN:655,664,hostapd_config_free_eap_users
FN:679,689,hostapd_config_clear_wpa_psk
FN:692,702,hostapd_config_free_anqp_elem
FN:705,716,hostapd_config_free_fils_realms
FN:719,738,hostapd_config_free_sae_passwords
FN:742,751,hostapd_dpp_controller_conf_free
FN:755,979,hostapd_config_free_bss
FN:986,1008,hostapd_config_free
FNDA:1158,hostapd_maclist_found
FNDA:60,hostapd_rate_found
FNDA:0,hostapd_vlan_valid
FNDA:0,hostapd_get_vlan_id_ifname
FNDA:0,hostapd_get_psk
FNDA:0,hostapd_sae_pk_password_without_pk
FNDA:0,hostapd_config_check_bss_6g
FNDA:5,hostapd_config_check_bss
FNDA:20,hostapd_config_check_cw
FNDA:5,hostapd_config_check
FNDA:5,hostapd_set_security_params
FNDA:729,hostapd_sae_pw_id_in_use
FNDA:729,hostapd_sae_pk_in_use
FNDA:10,hostapd_sae_pk_exclusively
FNDA:0,hostapd_acl_comp
FNDA:0,hostapd_add_acl_maclist
FNDA:0,hostapd_remove_acl_mac
FNDA:5,hostapd_config_defaults
FNDA:5,hostapd_config_free_vlan
FNDA:0,hostapd_mac_comp
FNDA:5,hostapd_config_read_wpa_psk
FNDA:5,hostapd_derive_psk
FNDA:5,hostapd_setup_sae_pt
FNDA:5,hostapd_config_defaults_bss
FNDA:5,hostapd_setup_wpa_psk
FNDA:10,hostapd_config_free_radius
FNDA:0,hostapd_config_get_radius_attr
FNDA:0,hostapd_parse_radius_attr
FNDA:10,hostapd_config_free_radius_attr
FNDA:0,hostapd_config_free_eap_user
FNDA:5,hostapd_config_free_eap_users
FNDA:10,hostapd_config_clear_wpa_psk
FNDA:5,hostapd_config_free_anqp_elem
FNDA:5,hostapd_config_free_fils_realms
FNDA:5,hostapd_config_free_sae_passwords
FNDA:5,hostapd_dpp_controller_conf_free
FNDA:5,hostapd_config_free_bss
FNDA:5,hostapd_config_free
FNF:38
FNH:26
DA:28,5
DA:32,5
DA:33,5
DA:34,5
DA:35,0
DA:36,0
DA:37,0
DA:40,5
DA:41,5
DA:48,5
DA:50,5
DA:52,5
DA:53,5
DA:54,5
DA:55,5
DA:65,5
DA:67,5
DA:69,5
DA:70,5
DA:71,5
DA:72,5
DA:73,5
DA:74,5
DA:76,5
DA:81,5
DA:82,5
DA:84,5
DA:86,5
DA:88,5
DA:90,5
DA:91,5
DA:92,5
DA:93,5
DA:94,5
DA:96,5
DA:98,5
DA:100,5
DA:101,5
DA:102,5
DA:111,5
DA:122,5
DA:124,5
DA:125,5
DA:127,5
DA:137,5
DA:146,5
DA:148,5
DA:149,5
DA:151,5
DA:163,5
DA:173,5
DA:176,5
DA:182,5
DA:183,5
DA:185,5
DA:187,5
DA:188,5
DA:189,5
DA:190,5
DA:191,5
DA:192,5
DA:193,5
DA:194,5
DA:195,5
DA:196,5
DA:197,5
DA:198,5
DA:199,5
DA:203,5
DA:204,5
DA:205,5
DA:206,0
DA:208,0
DA:209,0
DA:210,0
DA:212,5
DA:213,5
DA:214,0
DA:215,0
DA:216,0
DA:218,5
DA:220,5
DA:221,5
DA:222,0
DA:223,0
DA:224,0
DA:225,0
DA:228,5
DA:230,5
DA:232,5
DA:233,5
DA:234,5
DA:236,5
DA:238,5
DA:239,5
DA:240,5
DA:241,5
DA:243,5
DA:244,5
DA:245,5
DA:246,5
DA:248,5
DA:250,5
DA:251,5
DA:252,5
DA:263,5
DA:264,5
DA:287,5
DA:289,5
DA:290,5
DA:296,5
DA:300,0
DA:302,0
DA:306,5
DA:317,5
DA:321,5
DA:322,5
DA:324,0
DA:325,0
DA:326,0
DA:327,0
DA:330,0
DA:331,0
DA:332,0
DA:334,0
DA:336,0
DA:337,0
DA:338,0
DA:339,0
DA:340,0
DA:341,0
DA:342,0
DA:344,0
DA:346,0
DA:347,0
DA:349,0
DA:350,0
DA:351,0
DA:352,0
DA:353,0
DA:354,0
DA:355,0
DA:356,0
DA:357,0
DA:358,0
DA:359,0
DA:360,0
DA:361,0
DA:362,0
DA:363,0
DA:364,0
DA:365,0
DA:366,0
DA:368,0
DA:371,0
DA:372,0
DA:376,0
DA:377,0
DA:379,0
DA:380,0
DA:381,0
DA:382,0
DA:385,0
DA:386,0
DA:389,0
DA:390,0
DA:391,0
DA:392,0
DA:393,0
DA:395,0
DA:396,0
DA:397,0
DA:399,0
DA:401,0
DA:402,0
DA:403,0
DA:405,0
DA:406,0
DA:407,0
DA:410,0
DA:411,0
DA:412,0
DA:413,0
DA:414,0
DA:415,0
DA:416,0
DA:417,0
DA:418,0
DA:419,0
DA:420,0
DA:423,0
DA:424,0
DA:425,0
DA:428,0
DA:429,0
DA:430,0
DA:431,0
DA:434,0
DA:435,0
DA:436,0
DA:440,0
DA:442,0
DA:443,0
DA:446,0
DA:448,0
DA:452,5
DA:454,5
DA:455,5
DA:456,0
DA:457,0
DA:459,5
DA:460,5
DA:461,5
DA:462,5
DA:463,5
DA:464,5
DA:465,5
DA:466,5
DA:467,0
DA:468,0
DA:470,5
DA:471,5
DA:472,5
DA:476,5
DA:479,5
DA:482,5
DA:483,0
DA:484,10
DA:485,5
DA:486,0
DA:488,5
DA:489,5
DA:490,5
DA:491,10
DA:493,5
DA:494,5
DA:496,5
DA:497,0
DA:500,5
DA:501,0
DA:502,0
DA:504,0
DA:505,0
DA:506,0
DA:507,0
DA:508,0
DA:512,5
DA:516,5
DA:518,5
DA:520,5
DA:521,0
DA:523,5
DA:524,5
DA:525,0
DA:528,5
DA:530,5
DA:531,0
DA:533,5
DA:536,5
DA:540,10
DA:545,10
DA:546,0
DA:548,10
DA:549,10
DA:553,0
DA:555,0
DA:556,0
DA:557,0
DA:559,0
DA:563,0
DA:570,0
DA:571,0
DA:572,0
DA:574,0
DA:576,0
DA:577,0
DA:578,0
DA:579,0
DA:580,0
DA:581,0
DA:583,0
DA:584,0
DA:587,0
DA:588,0
DA:589,0
DA:590,0
DA:592,0
DA:593,0
DA:595,0
DA:596,0
DA:597,0
DA:598,0
DA:599,0
DA:600,0
DA:601,0
DA:602,0
DA:603,0
DA:604,0
DA:605,0
DA:606,0
DA:607,0
DA:608,0
DA:609,0
DA:610,0
DA:612,0
DA:613,0
DA:614,0
DA:615,0
DA:616,0
DA:617,0
DA:618,0
DA:619,0
DA:620,0
DA:623,0
DA:624,0
DA:625,0
DA:628,0
DA:632,10
DA:636,10
DA:637,0
DA:638,0
DA:639,0
DA:640,0
DA:642,10
DA:645,0
DA:647,0
DA:648,0
DA:649,0
DA:650,0
DA:651,0
DA:652,0
DA:655,5
DA:659,5
DA:660,0
DA:661,0
DA:662,0
DA:664,5
DA:679,10
DA:683,15
DA:684,5
DA:685,5
DA:686,5
DA:688,10
DA:689,10
DA:692,5
DA:696,5
DA:698,0
DA:699,0
DA:700,0
DA:702,5
DA:705,5
DA:716,5
DA:719,5
DA:723,5
DA:724,5
DA:725,5
DA:726,0
DA:727,0
DA:728,0
DA:729,0
DA:731,0
DA:734,0
DA:736,0
DA:738,5
DA:742,5
DA:746,5
DA:747,0
DA:748,0
DA:749,0
DA:751,5
DA:755,5
DA:761,5
DA:762,0
DA:764,5
DA:766,5
DA:767,5
DA:775,5
DA:778,5
DA:779,5
DA:781,5
DA:782,5
DA:783,5
DA:784,5
DA:785,5
DA:786,5
DA:787,5
DA:788,5
DA:789,5
DA:790,5
DA:791,5
DA:793,5
DA:794,5
DA:795,5
DA:796,5
DA:797,5
DA:798,5
DA:799,5
DA:800,5
DA:801,5
DA:802,5
DA:803,5
DA:804,5
DA:805,5
DA:806,5
DA:807,5
DA:808,5
DA:809,5
DA:810,5
DA:811,5
DA:812,5
DA:813,5
DA:814,5
DA:815,5
DA:816,5
DA:817,5
DA:818,5
DA:819,5
DA:820,5
DA:872,5
DA:873,5
DA:874,5
DA:875,5
DA:876,5
DA:877,5
DA:878,5
DA:879,5
DA:919,5
DA:920,5
DA:922,5
DA:927,5
DA:929,5
DA:942,5
DA:943,5
DA:945,5
DA:948,5
DA:949,5
DA:950,5
DA:951,5
DA:952,5
DA:954,5
DA:958,5
DA:978,5
DA:986,5
DA:990,5
DA:991,0
DA:993,10
DA:994,5
DA:995,5
DA:996,5
DA:997,5
DA:998,5
DA:999,5
DA:1000,5
DA:1004,5
DA:1005,5
DA:1007,5
DA:1021,1158
DA:1026,1158
DA:1027,1158
DA:1029,1158
DA:1030,0
DA:1031,0
DA:1032,0
DA:1033,0
DA:1034,0
DA:1035,0
DA:1037,0
DA:1038,0
DA:1040,0
DA:1043,1158
DA:1047,60
DA:1051,60
DA:1052,0
DA:1054,250
DA:1055,210
DA:1056,20
DA:1058,40
DA:1062,0
DA:1065,0
DA:1068,0
DA:1069,0
DA:1070,0
DA:1071,0
DA:1072,0
DA:1073,0
DA:1074,0
DA:1076,0
DA:1077,0
DA:1079,0
DA:1080,0
DA:1081,0
DA:1082,0
DA:1083,0
DA:1085,0
DA:1089,0
DA:1091,0
DA:1092,0
DA:1093,0
DA:1094,0
DA:1095,0
DA:1097,0
DA:1101,0
DA:1106,0
DA:1108,0
DA:1109,0
DA:1111,0
DA:1112,0
DA:1114,0
DA:1115,0
DA:1117,0
DA:1119,0
DA:1122,0
DA:1123,0
DA:1124,0
DA:1125,0
DA:1126,0
DA:1127,0
DA:1129,0
DA:1130,0
DA:1131,0
DA:1134,0
DA:1135,0
DA:1138,0
DA:1143,0
DA:1146,0
DA:1148,0
DA:1152,0
DA:1153,0
DA:1155,0
DA:1156,0
DA:1160,0
DA:1161,0
DA:1163,0
DA:1164,0
DA:1165,0
DA:1168,0
DA:1173,0
DA:1175,0
DA:1176,0
DA:1178,0
DA:1181,0
DA:1182,0
DA:1184,0
DA:1187,0
DA:1190,0
DA:1191,0
DA:1194,0
DA:1197,0
DA:1199,0
DA:1202,0
DA:1205,0
DA:1206,0
DA:1209,0
DA:1213,5
DA:1217,5
DA:1218,0
DA:1219,0
DA:1221,5
DA:1222,0
DA:1223,0
DA:1225,0
DA:1248,5
DA:1249,5
DA:1250,0
DA:1251,0
DA:1252,0
DA:1254,0
DA:1257,10
DA:1258,5
DA:1259,0
DA:1260,0
DA:1261,0
DA:1262,0
DA:1263,0
DA:1264,0
DA:1266,0
DA:1269,5
DA:1272,0
DA:1273,0
DA:1274,0
DA:1275,0
DA:1276,0
DA:1278,0
DA:1279,0
DA:1280,0
DA:1297,5
DA:1298,0
DA:1299,0
DA:1300,0
DA:1313,5
DA:1314,0
DA:1315,0
DA:1318,0
DA:1319,0
DA:1425,5
DA:1426,0
DA:1427,0
DA:1429,0
DA:1450,5
DA:1454,20
DA:1456,20
DA:1457,20
DA:1458,20
DA:1459,20
DA:1461,20
DA:1462,0
DA:1465,0
DA:1467,20
DA:1468,0
DA:1471,0
DA:1473,20
DA:1477,5
DA:1481,5
DA:1482,0
DA:1485,0
DA:1488,5
DA:1489,0
DA:1490,0
DA:1492,0
DA:1495,5
DA:1496,0
DA:1498,0
DA:1501,5
DA:1502,0
DA:1503,0
DA:1504,0
DA:1507,5
DA:1508,0
DA:1509,0
DA:1510,0
DA:1520,25
DA:1521,20
DA:1522,0
DA:1533,10
DA:1534,5
DA:1535,0
DA:1538,5
DA:1542,5
DA:1553,5
DA:1554,0
DA:1555,5
DA:1556,0
DA:1558,5
DA:1561,5
DA:1562,5
DA:1563,5
DA:1565,5
DA:1566,5
DA:1567,5
DA:1570,5
DA:1571,0
DA:1572,5
DA:1573,5
DA:1574,0
DA:1575,0
DA:1576,0
DA:1589,0
DA:1590,0
DA:1591,0
DA:1592,0
DA:1593,0
DA:1606,0
DA:1607,0
DA:1608,0
DA:1609,0
DA:1610,0
DA:1612,0
DA:1613,0
DA:1614,0
DA:1615,0
DA:1616,0
DA:1617,0
DA:1620,5
DA:1623,729
DA:1625,729
DA:1628,729
DA:1629,729
DA:1631,729
DA:1632,0
DA:1633,0
DA:1635,0
DA:1636,0
DA:1637,0
DA:1640,729
DA:1641,0
DA:1642,729
DA:1646,729
DA:1651,729
DA:1652,0
DA:1653,0
DA:1657,729
DA:1662,10
DA:1664,10
DA:1667,10
DA:1668,10
DA:1670,0
DA:1671,0
DA:1672,0
DA:1673,0
DA:1676,0
DA:1681,0
DA:1683,0
DA:1684,0
DA:1685,0
DA:1689,0
DA:1694,0
DA:1695,0
DA:1696,0
DA:1697,0
DA:1700,0
DA:1701,0
DA:1702,0
DA:1703,0
DA:1704,0
DA:1705,0
DA:1707,0
DA:1711,0
DA:1714,0
DA:1716,0
DA:1717,0
DA:1718,0
DA:1719,0
DA:1721,0
DA:1724,0
LF:724
LH:322
end_of_record
TN:
SF:/home/kalok/Desktop/hostap-wpa3/src/ap/ap_config.h
FN:1145,1156,hostapd_get_oper_chwidth
FN:1159,1170,hostapd_set_oper_chwidth
FN:1173,1184,hostapd_get_oper_centr_freq_seg0_idx
FN:1187,1199,hostapd_set_oper_centr_freq_seg0_idx
FN:1202,1209,hostapd_get_oper_centr_freq_seg1_idx
FN:1212,1220,hostapd_set_oper_centr_freq_seg1_idx
FNDA:15,hostapd_get_oper_chwidth
FNDA:0,hostapd_set_oper_chwidth
FNDA:10,hostapd_get_oper_centr_freq_seg0_idx
FNDA:0,hostapd_set_oper_centr_freq_seg0_idx
FNDA:10,hostapd_get_oper_centr_freq_seg1_idx
FNDA:0,hostapd_set_oper_centr_freq_seg1_idx
FNF:6
FNH:3
DA:1145,15
DA:1155,15
DA:1159,0
DA:1169,0
DA:1170,0
DA:1173,10
DA:1183,10
DA:1187,0
DA:1198,0
DA:1199,0
DA:1202,10
DA:1208,10
DA:1212,0
DA:1219,0
DA:1220,0
LF:15
LH:6
end_of_record
TN:
SF:/home/kalok/Desktop/hostap-wpa3/src/ap/ap_drv_ops.c
FN:1000,1007,hostapd_drv_update_dh_ie
FN:1010,1015,hostapd_drv_dpp_listen
FN:219,227,hostapd_free_ap_extra_ies
FN:230,236,hostapd_reset_ap_wps_ie
FN:239,257,hostapd_set_ap_wps_ie
FN:260,273,hostapd_set_authorized
FN:27,43,hostapd_sta_flags_to_drv
FN:276,289,hostapd_set_sta_flags
FN:292,316,hostapd_set_drv_ieee8021x
FN:319,325,hostapd_vlan_if_add
FN:328,331,hostapd_vlan_if_remove
FN:334,347,hostapd_set_wds_sta
FN:350,356,hostapd_add_sta_node
FN:359,400,hostapd_sta_auth
FN:403,410,hostapd_sta_assoc
FN:413,455,hostapd_sta_add
FN:458,465,hostapd_add_tspec
FN:46,54,add_buf
FN:468,473,hostapd_set_privacy
FN:476,482,hostapd_set_generic_elem
FN:485,490,hostapd_get_ssid
FN:493,498,hostapd_set_ssid
FN:501,511,hostapd_if_add
FN:514,521,hostapd_if_remove
FN:524,530,hostapd_set_ieee8021x
FN:533,540,hostapd_get_seqnum
FN:543,548,hostapd_flush
FN:551,579,hostapd_set_freq
FN:57,65,add_buf_data
FN:581,586,hostapd_set_rts
FN:589,594,hostapd_set_frag
FN:597,604,hostapd_sta_set_flags
FN:607,614,hostapd_sta_set_airtime_weight
FN:617,623,hostapd_set_country
FN:626,633,hostapd_set_tx_queue_params
FN:637,645,hostapd_get_hw_feature_data
FN:648,653,hostapd_driver_commit
FN:656,659,hostapd_drv_none
FN:662,665,hostapd_drv_nl80211
FN:668,674,hostapd_driver_scan
FN:677,683,hostapd_driver_get_scan_results
FN:68,216,hostapd_build_ap_extra_ies
FN:686,693,hostapd_driver_set_noa
FN:696,721,hostapd_drv_set_key
FN:724,733,hostapd_drv_send_mlme
FN:736,743,hostapd_drv_sta_deauth
FN:746,753,hostapd_drv_sta_disassoc
FN:756,763,hostapd_drv_wnm_oper
FN:766,801,hostapd_drv_send_action
FN:804,814,hostapd_drv_send_action_addr3_ap
FN:817,863,hostapd_start_dfs_cac
FN:866,873,hostapd_drv_set_qos_map
FN:876,909,hostapd_get_hw_mode_any_channels
FN:912,923,hostapd_get_ext_capa
FN:926,997,hostapd_drv_do_acs
FNDA:0,hostapd_drv_update_dh_ie
FNDA:0,hostapd_drv_dpp_listen
FNDA:5,hostapd_free_ap_extra_ies
FNDA:0,hostapd_reset_ap_wps_ie
FNDA:0,hostapd_set_ap_wps_ie
FNDA:0,hostapd_set_authorized
FNDA:369,hostapd_sta_flags_to_drv
FNDA:177,hostapd_set_sta_flags
FNDA:10,hostapd_set_drv_ieee8021x
FNDA:0,hostapd_vlan_if_add
FNDA:0,hostapd_vlan_if_remove
FNDA:0,hostapd_set_wds_sta
FNDA:0,hostapd_add_sta_node
FNDA:0,hostapd_sta_auth
FNDA:0,hostapd_sta_assoc
FNDA:192,hostapd_sta_add
FNDA:0,hostapd_add_tspec
FNDA:25,add_buf
FNDA:15,hostapd_set_privacy
FNDA:10,hostapd_set_generic_elem
FNDA:5,hostapd_get_ssid
FNDA:5,hostapd_set_ssid
FNDA:0,hostapd_if_add
FNDA:0,hostapd_if_remove
FNDA:10,hostapd_set_ieee8021x
FNDA:0,hostapd_get_seqnum
FNDA:5,hostapd_flush
FNDA:5,hostapd_set_freq
FNDA:30,add_buf_data
FNDA:0,hostapd_set_rts
FNDA:0,hostapd_set_frag
FNDA:177,hostapd_sta_set_flags
FNDA:0,hostapd_sta_set_airtime_weight
FNDA:0,hostapd_set_country
FNDA:20,hostapd_set_tx_queue_params
FNDA:5,hostapd_get_hw_feature_data
FNDA:5,hostapd_driver_commit
FNDA:25,hostapd_drv_none
FNDA:0,hostapd_drv_nl80211
FNDA:0,hostapd_driver_scan
FNDA:0,hostapd_driver_get_scan_results
FNDA:5,hostapd_build_ap_extra_ies
FNDA:0,hostapd_driver_set_noa
FNDA:10,hostapd_drv_set_key
FNDA:236,hostapd_drv_send_mlme
FNDA:11,hostapd_drv_sta_deauth
FNDA:0,hostapd_drv_sta_disassoc
FNDA:0,hostapd_drv_wnm_oper
FNDA:0,hostapd_drv_send_action
FNDA:0,hostapd_drv_send_action_addr3_ap
FNDA:0,hostapd_start_dfs_cac
FNDA:0,hostapd_drv_set_qos_map
FNDA:0,hostapd_get_hw_mode_any_channels
FNDA:5,hostapd_get_ext_capa
FNDA:0,hostapd_drv_do_acs
FNF:55
FNH:24
DA:27,369
DA:29,369
DA:30,369
DA:31,0
DA:32,369
DA:33,0
DA:34,369
DA:35,0
DA:36,369
DA:37,0
DA:38,369
DA:39,0
DA:40,369
DA:41,0
DA:42,369
DA:46,25
DA:48,25
DA:49,25
DA:50,0
DA:51,0
DA:52,0
DA:53,0
DA:57,30
DA:59,30
DA:60,10
DA:61,20
DA:62,0
DA:63,20
DA:64,20
DA:68,5
DA:73,5
DA:76,5
DA:78,5
DA:79,5
DA:80,5
DA:81,0
DA:82,5
DA:83,5
DA:84,0
DA:86,5
DA:87,5
DA:88,5
DA:89,0
DA:90,5
DA:91,5
DA:92,5
DA:93,10
DA:94,5
DA:95,0
DA:111,5
DA:112,5
DA:113,0
DA:115,10
DA:116,5
DA:117,0
DA:201,5
DA:202,5
DA:203,5
DA:205,5
DA:206,5
DA:207,5
DA:209,5
DA:211,0
DA:212,0
DA:213,0
DA:214,0
DA:215,0
DA:219,5
DA:224,5
DA:225,5
DA:226,5
DA:227,5
DA:230,0
DA:232,0
DA:233,0
DA:235,0
DA:239,0
DA:244,0
DA:245,0
DA:247,0
DA:249,0
DA:251,0
DA:254,0
DA:256,0
DA:260,0
DA:263,0
DA:264,0
DA:265,0
DA:270,0
DA:271,0
DA:276,177
DA:279,177
DA:280,177
DA:281,177
DA:282,177
DA:283,0
DA:284,0
DA:285,177
DA:286,177
DA:287,177
DA:292,10
DA:296,10
DA:297,10
DA:298,10
DA:299,10
DA:300,5
DA:301,5
DA:302,5
DA:303,5
DA:305,0
DA:306,0
DA:307,5
DA:308,5
DA:309,0
DA:310,0
DA:311,5
DA:312,5
DA:313,5
DA:315,10
DA:319,0
DA:323,0
DA:328,0
DA:330,0
DA:334,0
DA:337,0
DA:339,0
DA:340,0
DA:341,0
DA:342,0
DA:343,0
DA:344,0
DA:345,0
DA:350,0
DA:353,0
DA:354,0
DA:355,0
DA:359,0
DA:367,0
DA:368,0
DA:370,0
DA:392,0
DA:393,0
DA:394,0
DA:395,0
DA:396,0
DA:397,0
DA:399,0
DA:403,0
DA:406,0
DA:407,0
DA:408,0
DA:413,192
DA:429,192
DA:430,0
DA:431,192
DA:432,0
DA:434,192
DA:435,192
DA:436,192
DA:437,192
DA:438,192
DA:439,192
DA:440,192
DA:441,192
DA:442,192
DA:443,192
DA:444,192
DA:445,192
DA:446,192
DA:447,192
DA:448,192
DA:449,192
DA:450,192
DA:451,192
DA:452,192
DA:453,192
DA:454,192
DA:458,0
DA:461,0
DA:462,0
DA:463,0
DA:468,15
DA:470,15
DA:471,15
DA:472,0
DA:476,10
DA:479,10
DA:480,10
DA:481,0
DA:485,5
DA:487,5
DA:488,5
DA:489,0
DA:493,5
DA:495,5
DA:496,5
DA:497,0
DA:501,0
DA:506,0
DA:507,0
DA:508,0
DA:514,0
DA:517,0
DA:518,0
DA:519,0
DA:520,0
DA:524,10
DA:527,10
DA:528,10
DA:529,0
DA:533,0
DA:536,0
DA:537,0
DA:538,0
DA:543,5
DA:545,5
DA:546,0
DA:547,5
DA:551,5
DA:559,5
DA:561,5
DA:572,0
DA:574,5
DA:575,0
DA:576,5
DA:577,0
DA:578,5
DA:581,0
DA:583,0
DA:584,0
DA:585,0
DA:589,0
DA:591,0
DA:592,0
DA:593,0
DA:597,177
DA:600,177
DA:601,0
DA:602,177
DA:607,0
DA:610,0
DA:611,0
DA:612,0
DA:617,0
DA:619,0
DA:620,0
DA:621,0
DA:622,0
DA:626,20
DA:629,20
DA:630,0
DA:631,20
DA:637,5
DA:640,5
DA:641,5
DA:642,0
DA:643,5
DA:648,5
DA:650,5
DA:651,5
DA:652,0
DA:656,25
DA:658,25
DA:662,0
DA:664,0
DA:668,0
DA:671,0
DA:672,0
DA:673,0
DA:677,0
DA:680,0
DA:681,0
DA:682,0
DA:686,0
DA:689,0
DA:690,0
DA:692,0
DA:696,10
DA:704,10
DA:705,0
DA:707,10
DA:708,10
DA:709,10
DA:710,10
DA:711,10
DA:712,10
DA:713,10
DA:714,10
DA:715,10
DA:716,10
DA:717,10
DA:718,10
DA:720,10
DA:724,236
DA:729,236
DA:730,0
DA:731,236
DA:736,11
DA:739,11
DA:740,0
DA:741,11
DA:746,0
DA:749,0
DA:750,0
DA:751,0
DA:756,0
DA:759,0
DA:760,0
DA:761,0
DA:766,0
DA:771,0
DA:775,0
DA:776,0
DA:777,0
DA:778,0
DA:779,0
DA:786,0
DA:787,0
DA:788,0
DA:789,0
DA:790,0
DA:797,0
DA:799,0
DA:800,0
DA:804,0
DA:809,0
DA:810,0
DA:811,0
DA:812,0
DA:817,0
DA:825,0
DA:828,0
DA:830,0
DA:831,0
DA:833,0
DA:834,0
DA:836,0
DA:839,0
DA:848,0
DA:849,0
DA:851,0
DA:853,0
DA:854,0
DA:855,0
DA:856,0
DA:858,0
DA:859,0
DA:862,0
DA:866,0
DA:869,0
DA:870,0
DA:871,0
DA:876,0
DA:883,0
DA:884,0
DA:886,0
DA:887,0
DA:888,0
DA:889,0
DA:890,0
DA:891,0
DA:892,0
DA:893,0
DA:894,0
DA:895,0
DA:896,0
DA:897,0
DA:898,0
DA:899,0
DA:900,0
DA:901,0
DA:902,0
DA:903,0
DA:904,0
DA:905,0
DA:906,0
DA:907,0
DA:909,0
DA:912,5
DA:914,5
DA:916,5
DA:917,0
DA:919,5
DA:926,0
DA:929,0
DA:931,0
DA:934,0
DA:935,0
DA:937,0
DA:938,0
DA:944,0
DA:945,0
DA:947,0
DA:949,0
DA:950,0
DA:952,0
DA:954,0
DA:955,0
DA:956,0
DA:957,0
DA:958,0
DA:959,0
DA:963,0
DA:964,0
DA:966,0
DA:967,0
DA:969,0
DA:970,0
DA:971,0
DA:972,0
DA:973,0
DA:977,0
DA:978,0
DA:979,0
DA:980,0
DA:981,0
DA:983,0
DA:984,0
DA:985,0
DA:987,0
DA:990,0
DA:991,0
DA:992,0
DA:993,0
DA:994,0
DA:996,0
DA:1000,0
DA:1003,0
DA:1004,0
DA:1005,0
DA:1010,0
DA:1012,0
DA:1013,0
DA:1014,0
LF:434
LH:161
end_of_record
TN:
SF:/home/kalok/Desktop/hostap-wpa3/src/ap/ap_drv_ops.h
FN:115,121,hostapd_drv_send_action_cancel_wait
FN:154,161,hostapd_drv_set_countermeasures
FN:163,171,hostapd_drv_set_sta_vlan
FN:173,179,hostapd_drv_get_inact_sec
FN:181,187,hostapd_drv_sta_remove
FN:189,199,hostapd_drv_hapd_send_eapol
FN:201,208,hostapd_drv_read_sta_data
FN:210,216,hostapd_drv_sta_clear_stats
FN:218,224,hostapd_drv_set_acl
FN:226,232,hostapd_drv_set_ap
FN:244,251,hostapd_drv_set_radius_acl_expire
FN:261,268,hostapd_drv_poll_client
FN:270,278,hostapd_drv_get_survey
FN:280,285,hostapd_get_country
FN:287,293,hostapd_drv_get_radio_name
FN:295,303,hostapd_drv_switch_channel
FN:316,322,hostapd_drv_status
FN:335,343,hostapd_drv_br_delete_ip_neigh
FN:365,375,hostapd_drv_vendor_cmd
FN:377,382,hostapd_drv_stop_ap
FN:384,390,hostapd_drv_channel_info
FN:393,400,hostapd_drv_send_external_auth_status
FN:403,408,hostapd_drv_set_band
FNDA:0,hostapd_drv_send_action_cancel_wait
FNDA:0,hostapd_drv_set_countermeasures
FNDA:0,hostapd_drv_set_sta_vlan
FNDA:0,hostapd_drv_get_inact_sec
FNDA:455,hostapd_drv_sta_remove
FNDA:0,hostapd_drv_hapd_send_eapol
FNDA:0,hostapd_drv_read_sta_data
FNDA:0,hostapd_drv_sta_clear_stats
FNDA:0,hostapd_drv_set_acl
FNDA:5,hostapd_drv_set_ap
FNDA:0,hostapd_drv_set_radius_acl_expire
FNDA:0,hostapd_drv_poll_client
FNDA:0,hostapd_drv_get_survey
FNDA:0,hostapd_get_country
FNDA:5,hostapd_drv_get_radio_name
FNDA:0,hostapd_drv_switch_channel
FNDA:0,hostapd_drv_status
FNDA:0,hostapd_drv_br_delete_ip_neigh
FNDA:0,hostapd_drv_vendor_cmd
FNDA:0,hostapd_drv_stop_ap
FNDA:0,hostapd_drv_channel_info
FNDA:98,hostapd_drv_send_external_auth_status
FNDA:0,hostapd_drv_set_band
FNF:23
FNH:4
DA:115,0
DA:117,0
DA:118,0
DA:119,0
DA:120,0
DA:154,0
DA:157,0
DA:158,0
DA:159,0
DA:160,0
DA:163,0
DA:167,0
DA:168,0
DA:169,0
DA:173,0
DA:176,0
DA:177,0
DA:178,0
DA:181,455
DA:184,455
DA:185,0
DA:186,455
DA:189,0
DA:194,0
DA:195,0
DA:196,0
DA:198,0
DA:201,0
DA:205,0
DA:206,0
DA:207,0
DA:210,0
DA:213,0
DA:214,0
DA:215,0
DA:218,0
DA:221,0
DA:222,0
DA:223,0
DA:226,5
DA:229,5
DA:230,0
DA:231,5
DA:244,0
DA:247,0
DA:248,0
DA:249,0
DA:250,0
DA:261,0
DA:265,0
DA:266,0
DA:267,0
DA:270,0
DA:273,0
DA:274,0
DA:275,0
DA:276,0
DA:277,0
DA:280,0
DA:282,0
DA:283,0
DA:284,0
DA:287,5
DA:289,5
DA:290,5
DA:291,0
DA:292,5
DA:295,0
DA:298,0
DA:299,0
DA:300,0
DA:302,0
DA:316,0
DA:319,0
DA:320,0
DA:321,0
DA:335,0
DA:338,0
DA:339,0
DA:340,0
DA:341,0
DA:365,0
DA:371,0
DA:372,0
DA:373,0
DA:377,0
DA:379,0
DA:380,0
DA:381,0
DA:384,0
DA:387,0
DA:388,0
DA:389,0
DA:393,98
DA:396,98
DA:397,98
DA:398,0
DA:399,98
DA:403,0
DA:405,0
DA:406,0
DA:407,0
LF:102
LH:14
end_of_record
TN:
SF:/home/kalok/Desktop/hostap-wpa3/src/ap/ap_list.c
FN:119,126,ap_free_ap
FN:129,142,hostapd_free_aps
FN:145,166,ap_ap_add
FN:169,246,ap_list_process_beacon
FN:249,296,ap_list_timer
FN:299,302,ap_list_init
FN:305,308,ap_list_deinit
FN:31,50,ap_list_beacon_olbc
FN:53,61,ap_get_ap
FN:64,73,ap_ap_list_add
FN:76,87,ap_ap_list_del
FN:90,94,ap_ap_hash_add
FN:97,116,ap_ap_hash_del
FNDA:0,ap_free_ap
FNDA:5,hostapd_free_aps
FNDA:0,ap_ap_add
FNDA:0,ap_list_process_beacon
FNDA:58,ap_list_timer
FNDA:5,ap_list_init
FNDA:5,ap_list_deinit
FNDA:0,ap_list_beacon_olbc
FNDA:0,ap_get_ap
FNDA:0,ap_ap_list_add
FNDA:0,ap_ap_list_del
FNDA:0,ap_ap_hash_add
FNDA:0,ap_ap_hash_del
FNF:13
FNH:4
DA:31,0
DA:35,0
DA:36,0
DA:37,0
DA:38,0
DA:40,0
DA:41,0
DA:43,0
DA:44,0
DA:45,0
DA:46,0
DA:49,0
DA:53,0
DA:57,0
DA:58,0
DA:59,0
DA:60,0
DA:64,0
DA:66,0
DA:67,0
DA:68,0
DA:70,0
DA:71,0
DA:72,0
DA:73,0
DA:76,0
DA:78,0
DA:79,0
DA:81,0
DA:83,0
DA:84,0
DA:85,0
DA:86,0
DA:87,0
DA:90,0
DA:92,0
DA:93,0
DA:94,0
DA:97,0
DA:101,0
DA:102,0
DA:103,0
DA:104,0
DA:105,0
DA:108,0
DA:109,0
DA:110,0
DA:111,0
DA:112,0
DA:114,0
DA:115,0
DA:119,0
DA:121,0
DA:122,0
DA:124,0
DA:125,0
DA:126,0
DA:129,5
DA:133,5
DA:135,5
DA:136,0
DA:137,0
DA:138,0
DA:141,5
DA:142,5
DA:145,0
DA:149,0
DA:150,0
DA:151,0
DA:154,0
DA:155,0
DA:156,0
DA:157,0
DA:159,0
DA:160,0
DA:161,0
DA:162,0
DA:165,0
DA:169,0
DA:175,0
DA:176,0
DA:178,0
DA:179,0
DA:181,0
DA:182,0
DA:183,0
DA:184,0
DA:185,0
DA:187,0
DA:189,0
DA:192,0
DA:193,0
DA:194,0
DA:196,0
DA:197,0
DA:199,0
DA:201,0
DA:202,0
DA:203,0
DA:204,0
DA:205,0
DA:206,0
DA:208,0
DA:209,0
DA:211,0
DA:213,0
DA:215,0
DA:218,0
DA:219,0
DA:222,0
DA:223,0
DA:224,0
DA:225,0
DA:227,0
DA:228,0
DA:231,0
DA:232,0
DA:233,0
DA:234,0
DA:235,0
DA:236,0
DA:237,0
DA:238,0
DA:240,0
DA:241,0
DA:244,0
DA:245,0
DA:249,58
DA:253,58
DA:255,58
DA:256,58
DA:258,0
DA:260,0
DA:261,0
DA:262,0
DA:263,0
DA:264,0
DA:266,0
DA:269,0
DA:270,0
DA:271,0
DA:273,0
DA:274,0
DA:275,0
DA:276,0
DA:277,0
DA:278,0
DA:279,0
DA:281,0
DA:282,0
DA:283,0
DA:284,0
DA:286,0
DA:287,0
DA:288,0
DA:289,0
DA:290,0
DA:294,0
DA:295,0
DA:299,5
DA:301,5
DA:305,5
DA:307,5
DA:308,5
LF:164
LH:14
end_of_record
TN:
SF:/home/kalok/Desktop/hostap-wpa3/src/ap/ap_mlme.c
FN:106,118,mlme_associate_indication
FN:133,146,mlme_reassociate_indication
FN:161,169,mlme_disassociate_indication
FN:172,179,mlme_michaelmicfailure_indication
FN:182,191,mlme_deletekeys_request
FN:23,35,mlme_auth_alg_str
FN:53,67,mlme_authenticate_indication
FN:82,91,mlme_deauthenticate_indication
FNDA:0,mlme_associate_indication
FNDA:0,mlme_reassociate_indication
FNDA:0,mlme_disassociate_indication
FNDA:0,mlme_michaelmicfailure_indication
FNDA:118,mlme_deletekeys_request
FNDA:31,mlme_auth_alg_str
FNDA:31,mlme_authenticate_indication
FNDA:87,mlme_deauthenticate_indication
FNF:8
FNH:4
DA:23,31
DA:25,31
DA:26,0
DA:27,0
DA:28,0
DA:29,0
DA:30,0
DA:31,0
DA:34,31
DA:53,31
DA:56,62
DA:59,31
DA:60,31
DA:61,31
DA:62,31
DA:63,31
DA:64,31
DA:65,31
DA:66,31
DA:67,31
DA:82,87
DA:85,87
DA:88,87
DA:89,87
DA:90,87
DA:91,87
DA:106,0
DA:108,0
DA:111,0
DA:112,0
DA:113,0
DA:114,0
DA:115,0
DA:116,0
DA:117,0
DA:118,0
DA:133,0
DA:136,0
DA:139,0
DA:140,0
DA:141,0
DA:142,0
DA:143,0
DA:144,0
DA:145,0
DA:146,0
DA:161,0
DA:164,0
DA:167,0
DA:168,0
DA:169,0
DA:172,0
DA:175,0
DA:178,0
DA:179,0
DA:182,118
DA:184,118
DA:187,118
DA:189,118
DA:190,0
DA:191,118
LF:61
LH:25
end_of_record
TN:
SF:/home/kalok/Desktop/hostap-wpa3/src/ap/authsrv.c
FN:144,176,authsrv_tls_event
FN:180,235,authsrv_eap_config
FN:238,349,authsrv_init
FN:352,380,authsrv_deinit
FNDA:0,authsrv_tls_event
FNDA:5,authsrv_eap_config
FNDA:5,authsrv_init
FNDA:5,authsrv_deinit
FNF:4
FNH:3
DA:144,0
DA:147,0
DA:148,0
DA:149,0
DA:150,0
DA:151,0
DA:152,0
DA:153,0
DA:157,0
DA:158,0
DA:159,0
DA:161,0
DA:163,0
DA:164,0
DA:165,0
DA:166,0
DA:169,0
DA:171,0
DA:172,0
DA:174,0
DA:176,0
DA:180,5
DA:184,5
DA:185,5
DA:186,0
DA:188,5
DA:189,5
DA:190,5
DA:191,5
DA:192,5
DA:193,5
DA:194,5
DA:195,5
DA:196,5
DA:197,0
DA:198,0
DA:199,5
DA:200,0
DA:201,0
DA:202,0
DA:204,5
DA:205,0
DA:206,0
DA:207,5
DA:208,5
DA:209,5
DA:210,5
DA:211,5
DA:212,5
DA:213,5
DA:214,5
DA:215,5
DA:216,5
DA:217,5
DA:218,5
DA:219,5
DA:220,5
DA:221,5
DA:222,5
DA:223,0
DA:224,0
DA:226,5
DA:227,5
DA:229,5
DA:234,5
DA:238,5
DA:241,5
DA:242,0
DA:243,0
DA:244,0
DA:248,0
DA:249,0
DA:250,0
DA:251,0
DA:252,0
DA:254,0
DA:255,0
DA:256,0
DA:257,0
DA:260,0
DA:261,0
DA:262,0
DA:263,0
DA:264,0
DA:265,0
DA:266,0
DA:267,0
DA:270,0
DA:271,0
DA:272,0
DA:273,0
DA:274,0
DA:275,0
DA:276,0
DA:277,0
DA:278,0
DA:279,0
DA:280,0
DA:281,0
DA:282,0
DA:283,0
DA:284,0
DA:285,0
DA:287,0
DA:288,0
DA:289,0
DA:290,0
DA:293,0
DA:294,0
DA:295,0
DA:296,0
DA:297,0
DA:298,0
DA:304,5
DA:305,5
DA:306,5
DA:307,0
DA:308,0
DA:309,0
DA:310,0
DA:312,0
DA:313,0
DA:314,0
DA:334,5
DA:335,5
DA:336,0
DA:338,0
DA:339,0
DA:348,5
DA:352,5
DA:360,5
DA:361,5
DA:365,5
DA:366,0
DA:367,0
DA:378,5
DA:379,5
DA:380,5
LF:138
LH:49
end_of_record
TN:
SF:/home/kalok/Desktop/hostap-wpa3/src/ap/beacon.c
FN:1185,1218,hostapd_probe_resp_offloads
FN:121,186,hostapd_eid_pwr_constraint
FN:1241,1248,sta_track_del
FN:1504,1867,ieee802_11_build_ap_params
FN:1870,1886,ieee802_11_free_ap_params
FN:1889,1977,__ieee802_11_set_beacon
FN:189,208,hostapd_eid_country_add
FN:1980,2013,ieee802_11_set_beacon
FN:2016,2028,ieee802_11_set_beacons
FN:2032,2044,ieee802_11_update_beacons
FN:211,252,hostapd_fill_subband_triplets
FN:255,300,hostapd_eid_country
FN:303,313,hostapd_wpa_ie
FN:316,327,hostapd_vendor_wpa_ie
FN:330,340,hostapd_get_rsne
FN:343,353,hostapd_get_mde
FN:356,372,hostapd_get_rsnxe
FN:375,385,hostapd_get_wpa_ie
FN:388,398,hostapd_get_osen_ie
FN:39,63,hostapd_eid_bss_load
FN:401,418,hostapd_eid_csa
FN:421,434,hostapd_eid_ecsa
FN:437,462,hostapd_eid_supported_op_classes
FN:465,706,hostapd_gen_probe_resp
FN:66,85,ieee802_11_erp_info
FN:716,787,ssid_match
FN:790,814,sta_track_expire
FN:817,827,sta_track_get
FN:830,861,sta_track_add
FN:865,887,sta_track_seen_on
FN:88,94,hostapd_eid_ds_params
FN:907,1182,handle_probe_req
FN:97,118,hostapd_eid_erp_info
FNDA:5,hostapd_probe_resp_offloads
FNDA:5,hostapd_eid_pwr_constraint
FNDA:0,sta_track_del
FNDA:5,ieee802_11_build_ap_params
FNDA:5,ieee802_11_free_ap_params
FNDA:5,__ieee802_11_set_beacon
FNDA:0,hostapd_eid_country_add
FNDA:5,ieee802_11_set_beacon
FNDA:0,ieee802_11_set_beacons
FNDA:0,ieee802_11_update_beacons
FNDA:0,hostapd_fill_subband_triplets
FNDA:5,hostapd_eid_country
FNDA:15,hostapd_wpa_ie
FNDA:10,hostapd_vendor_wpa_ie
FNDA:5,hostapd_get_rsne
FNDA:5,hostapd_get_mde
FNDA:5,hostapd_get_rsnxe
FNDA:5,hostapd_get_wpa_ie
FNDA:5,hostapd_get_osen_ie
FNDA:5,hostapd_eid_bss_load
FNDA:5,hostapd_eid_csa
FNDA:5,hostapd_eid_ecsa
FNDA:5,hostapd_eid_supported_op_classes
FNDA:0,hostapd_gen_probe_resp
FNDA:10,ieee802_11_erp_info
FNDA:0,ssid_match
FNDA:0,sta_track_expire
FNDA:0,sta_track_get
FNDA:0,sta_track_add
FNDA:0,sta_track_seen_on
FNDA:5,hostapd_eid_ds_params
FNDA:0,handle_probe_req
FNDA:5,hostapd_eid_erp_info
FNF:33
FNH:21
DA:39,5
DA:41,5
DA:42,0
DA:53,5
DA:54,0
DA:55,0
DA:56,0
DA:57,0
DA:58,0
DA:59,0
DA:60,0
DA:62,5
DA:66,10
DA:68,10
DA:70,10
DA:71,10
DA:72,0
DA:74,10
DA:75,0
DA:76,10
DA:77,0
DA:80,10
DA:81,10
DA:82,10
DA:84,10
DA:88,5
DA:90,5
DA:91,5
DA:92,5
DA:93,5
DA:97,5
DA:99,5
DA:100,5
DA:101,0
DA:113,5
DA:114,5
DA:115,5
DA:117,5
DA:121,5
DA:123,5
DA:124,5
DA:127,5
DA:128,5
DA:129,5
DA:132,0
DA:133,0
DA:139,0
DA:140,0
DA:141,0
DA:144,0
DA:145,0
DA:146,0
DA:148,0
DA:151,0
DA:152,0
DA:162,0
DA:163,0
DA:176,0
DA:178,0
DA:180,0
DA:181,0
DA:183,0
DA:185,0
DA:189,0
DA:194,0
DA:195,0
DA:198,0
DA:200,0
DA:202,0
DA:203,0
DA:205,0
DA:207,0
DA:211,0
DA:217,0
DA:219,0
DA:220,0
DA:221,0
DA:223,0
DA:224,0
DA:225,0
DA:226,0
DA:227,0
DA:228,0
DA:229,0
DA:230,0
DA:231,0
DA:232,0
DA:235,0
DA:236,0
DA:239,0
DA:243,0
DA:246,0
DA:247,0
DA:251,0
DA:255,5
DA:258,5
DA:259,5
DA:261,5
DA:262,0
DA:263,5
DA:265,0
DA:266,0
DA:267,0
DA:268,0
DA:270,0
DA:273,0
DA:278,0
DA:280,0
DA:282,0
DA:284,0
DA:285,0
DA:286,0
DA:288,0
DA:291,0
DA:292,0
DA:293,0
DA:294,0
DA:297,0
DA:299,0
DA:303,15
DA:308,15
DA:309,15
DA:310,0
DA:312,15
DA:316,10
DA:322,10
DA:323,10
DA:324,0
DA:326,10
DA:330,5
DA:334,5
DA:335,5
DA:336,0
DA:338,5
DA:339,5
DA:343,5
DA:347,5
DA:348,5
DA:349,5
DA:351,0
DA:352,0
DA:356,5
DA:366,5
DA:367,5
DA:368,0
DA:370,5
DA:371,5
DA:375,5
DA:379,5
DA:380,5
DA:381,5
DA:383,0
DA:384,0
DA:388,5
DA:392,5
DA:393,5
DA:394,5
DA:396,0
DA:397,0
DA:401,5
DA:408,5
DA:409,5
DA:411,0
DA:412,0
DA:413,0
DA:414,0
DA:415,0
DA:417,0
DA:421,5
DA:423,5
DA:424,5
DA:426,0
DA:427,0
DA:428,0
DA:429,0
DA:430,0
DA:431,0
DA:433,0
DA:437,5
DA:441,5
DA:442,5
DA:443,0
DA:445,5
DA:446,5
DA:447,5
DA:450,0
DA:452,5
DA:453,5
DA:456,5
DA:459,5
DA:461,5
DA:465,0
DA:475,0
DA:488,0
DA:489,0
DA:490,0
DA:491,0
DA:520,0
DA:521,0
DA:522,0
DA:523,0
DA:525,0
DA:526,0
DA:527,0
DA:529,0
DA:531,0
DA:533,0
DA:534,0
DA:535,0
DA:536,0
DA:538,0
DA:540,0
DA:541,0
DA:542,0
DA:545,0
DA:546,0
DA:548,0
DA:549,0
DA:550,0
DA:551,0
DA:552,0
DA:555,0
DA:558,0
DA:560,0
DA:563,0
DA:566,0
DA:567,0
DA:568,0
DA:569,0
DA:572,0
DA:575,0
DA:577,0
DA:578,0
DA:579,0
DA:580,0
DA:583,0
DA:584,0
DA:585,0
DA:586,0
DA:588,0
DA:589,0
DA:590,0
DA:592,0
DA:594,0
DA:595,0
DA:597,0
DA:598,0
DA:599,0
DA:624,0
DA:626,0
DA:627,0
DA:628,0
DA:662,0
DA:663,0
DA:666,0
DA:694,0
DA:695,0
DA:696,0
DA:698,0
DA:699,0
DA:701,0
DA:704,0
DA:705,0
DA:716,0
DA:724,0
DA:725,0
DA:728,0
DA:729,0
DA:730,0
DA:731,0
DA:732,0
DA:734,0
DA:735,0
DA:736,0
DA:737,0
DA:738,0
DA:739,0
DA:740,0
DA:741,0
DA:742,0
DA:743,0
DA:745,0
DA:746,0
DA:750,0
DA:751,0
DA:752,0
DA:753,0
DA:754,0
DA:755,0
DA:756,0
DA:760,0
DA:761,0
DA:763,0
DA:764,0
DA:765,0
DA:767,0
DA:770,0
DA:772,0
DA:773,0
DA:774,0
DA:776,0
DA:779,0
DA:780,0
DA:781,0
DA:782,0
DA:786,0
DA:790,0
DA:795,0
DA:796,0
DA:798,0
DA:799,0
DA:801,0
DA:802,0
DA:803,0
DA:804,0
DA:805,0
DA:807,0
DA:808,0
DA:809,0
DA:810,0
DA:811,0
DA:812,0
DA:817,0
DA:822,0
DA:823,0
DA:824,0
DA:826,0
DA:830,0
DA:834,0
DA:835,0
DA:837,0
DA:838,0
DA:839,0
DA:840,0
DA:841,0
DA:845,0
DA:846,0
DA:847,0
DA:848,0
DA:849,0
DA:850,0
DA:852,0
DA:854,0
DA:857,0
DA:858,0
DA:859,0
DA:860,0
DA:865,0
DA:868,0
DA:871,0
DA:872,0
DA:874,0
DA:875,0
DA:876,0
DA:877,0
DA:878,0
DA:879,0
DA:882,0
DA:883,0
DA:886,0
DA:907,0
DA:923,0
DA:924,0
DA:925,0
DA:927,0
DA:928,0
DA:929,0
DA:930,0
DA:931,0
DA:932,0
DA:934,0
DA:936,0
DA:937,0
DA:939,0
DA:940,0
DA:943,0
DA:944,0
DA:945,0
DA:947,0
DA:949,0
DA:950,0
DA:952,0
DA:953,0
DA:954,0
DA:955,0
DA:958,0
DA:959,0
DA:961,0
DA:962,0
DA:975,0
DA:976,0
DA:977,0
DA:978,0
DA:979,0
DA:980,0
DA:982,0
DA:983,0
DA:1013,0
DA:1014,0
DA:1015,0
DA:1016,0
DA:1017,0
DA:1045,0
DA:1046,0
DA:1047,0
DA:1048,0
DA:1049,0
DA:1050,0
DA:1052,0
DA:1053,0
DA:1054,0
DA:1055,0
DA:1057,0
DA:1060,0
DA:1061,0
DA:1062,0
DA:1063,0
DA:1111,0
DA:1112,0
DA:1113,0
DA:1114,0
DA:1115,0
DA:1116,0
DA:1118,0
DA:1119,0
DA:1120,0
DA:1123,0
DA:1124,0
DA:1125,0
DA:1126,0
DA:1127,0
DA:1128,0
DA:1130,0
DA:1131,0
DA:1144,0
DA:1145,0
DA:1147,0
DA:1149,0
DA:1150,0
DA:1156,0
DA:1157,0
DA:1159,0
DA:1160,0
DA:1161,0
DA:1162,0
DA:1163,0
DA:1165,0
DA:1166,0
DA:1167,0
DA:1170,0
DA:1174,0
DA:1175,0
DA:1177,0
DA:1179,0
DA:1180,0
DA:1181,0
DA:1185,5
DA:1189,5
DA:1190,5
DA:1209,0
DA:1210,0
DA:1212,0
DA:1217,0
DA:1241,0
DA:1247,0
DA:1248,0
DA:1504,5
DA:1507,5
DA:1508,5
DA:1509,5
DA:1510,5
DA:1511,5
DA:1518,5
DA:1519,5
DA:1532,5
DA:1533,0
DA:1567,5
DA:1568,5
DA:1569,5
DA:1570,5
DA:1572,5
DA:1573,5
DA:1574,0
DA:1575,0
DA:1576,0
DA:1577,0
DA:1579,5
DA:1581,5
DA:1583,5
DA:1584,5
DA:1586,5
DA:1587,5
DA:1588,5
DA:1589,5
DA:1592,5
DA:1593,5
DA:1594,5
DA:1597,5
DA:1598,5
DA:1600,0
DA:1601,0
DA:1602,0
DA:1603,5
DA:1604,0
DA:1606,5
DA:1607,5
DA:1609,5
DA:1613,5
DA:1616,5
DA:1618,5
DA:1620,5
DA:1623,5
DA:1626,5
DA:1627,5
DA:1628,0
DA:1629,5
DA:1632,5
DA:1635,5
DA:1637,5
DA:1638,5
DA:1639,5
DA:1640,5
DA:1641,5
DA:1644,5
DA:1645,5
DA:1646,0
DA:1647,5
DA:1649,5
DA:1650,5
DA:1651,5
DA:1653,5
DA:1659,5
DA:1661,5
DA:1662,5
DA:1663,5
DA:1688,5
DA:1690,5
DA:1691,5
DA:1692,5
DA:1728,5
DA:1729,5
DA:1732,5
DA:1759,5
DA:1760,5
DA:1761,5
DA:1762,5
DA:1764,5
DA:1765,0
DA:1767,0
DA:1770,5
DA:1772,5
DA:1775,5
DA:1776,5
DA:1777,5
DA:1778,5
DA:1779,5
DA:1780,5
DA:1781,5
DA:1782,5
DA:1783,5
DA:1784,5
DA:1785,5
DA:1786,5
DA:1787,5
DA:1788,5
DA:1789,5
DA:1791,0
DA:1792,0
DA:1793,5
DA:1794,5
DA:1795,0
DA:1796,0
DA:1797,5
DA:1798,5
DA:1799,5
DA:1800,5
DA:1801,5
DA:1808,5
DA:1809,5
DA:1810,5
DA:1811,5
DA:1812,0
DA:1813,0
DA:1814,0
DA:1815,0
DA:1816,0
DA:1817,0
DA:1819,5
DA:1821,5
DA:1823,10
DA:1824,5
DA:1825,5
DA:1826,5
DA:1827,5
DA:1828,5
DA:1830,0
DA:1831,5
DA:1832,5
DA:1834,0
DA:1836,5
DA:1837,5
DA:1838,0
DA:1839,0
DA:1840,5
DA:1841,5
DA:1852,5
DA:1853,5
DA:1855,5
DA:1856,0
DA:1857,0
DA:1858,0
DA:1859,0
DA:1861,0
DA:1866,5
DA:1870,5
DA:1872,5
DA:1873,5
DA:1874,5
DA:1875,5
DA:1876,5
DA:1877,5
DA:1886,5
DA:1889,5
DA:1893,5
DA:1894,5
DA:1895,5
DA:1897,5
DA:1899,5
DA:1900,0
DA:1901,0
DA:1904,5
DA:1905,0
DA:1906,0
DA:1909,5
DA:1911,5
DA:1912,0
DA:1914,5
DA:1916,0
DA:1918,5
DA:1919,5
DA:1920,5
DA:1921,5
DA:1944,5
DA:1946,5
DA:1953,10
DA:1954,20
DA:1955,5
DA:1956,5
DA:1958,5
DA:1960,5
DA:1961,5
DA:1962,5
DA:1966,5
DA:1968,5
DA:1969,5
DA:1970,5
DA:1971,0
DA:1973,5
DA:1974,5
DA:1975,5
DA:1976,5
DA:1980,5
DA:1982,5
DA:1987,5
DA:1988,5
DA:1989,0
DA:1991,5
DA:1992,5
DA:1995,0
DA:1996,0
DA:1999,0
DA:2000,0
DA:2001,0
DA:2003,0
DA:2004,0
DA:2006,0
DA:2007,0
DA:2008,0
DA:2012,0
DA:2016,0
DA:2019,0
DA:2021,0
DA:2022,0
DA:2023,0
DA:2024,0
DA:2027,0
DA:2032,0
DA:2035,0
DA:2037,0
DA:2038,0
DA:2039,0
DA:2040,0
DA:2043,0
LF:693
LH:249
end_of_record
TN:
SF:/home/kalok/Desktop/hostap-wpa3/src/ap/bss_load.c
FN:19,39,get_bss_load_update_timeout
FN:42,80,update_channel_utilization
FN:83,93,bss_load_update_init
FN:96,99,bss_load_update_deinit
FNDA:0,get_bss_load_update_timeout
FNDA:0,update_channel_utilization
FNDA:0,bss_load_update_init
FNDA:5,bss_load_update_deinit
FNF:4
FNH:1
DA:19,0
DA:22,0
DA:23,0
DA:26,0
DA:27,0
DA:30,0
DA:33,0
DA:35,0
DA:36,0
DA:38,0
DA:42,0
DA:44,0
DA:47,0
DA:49,0
DA:50,0
DA:52,0
DA:53,0
DA:54,0
DA:55,0
DA:58,0
DA:60,0
DA:61,0
DA:63,0
DA:64,0
DA:65,0
DA:66,0
DA:67,0
DA:68,0
DA:69,0
DA:70,0
DA:71,0
DA:72,0
DA:73,0
DA:74,0
DA:78,0
DA:83,0
DA:87,0
DA:88,0
DA:90,0
DA:92,0
DA:96,5
DA:98,5
DA:99,5
LF:43
LH:3
end_of_record
TN:
SF:/home/kalok/Desktop/hostap-wpa3/src/ap/ctrl_iface_ap.c
FN:1303,1319,hostapd_ctrl_iface_acl_del_mac
FN:1322,1327,hostapd_ctrl_iface_acl_clear_list
FN:1330,1349,hostapd_ctrl_iface_acl_show_mac
FN:1352,1374,hostapd_ctrl_iface_acl_add_mac
FN:1377,1396,hostapd_disassoc_accept_mac
FN:1399,1415,hostapd_disassoc_deny_mac
FN:196,212,timeout_next_str
FN:215,390,hostapd_ctrl_iface_sta_mib
FN:30,51,hostapd_write_ht_mcs_bitmask
[...]
FN:508,528,json_get_member_base64url
FN:531,550,json_get_member_base64
FN:553,572,json_type_str
FN:575,593,json_print_token
FN:596,600,json_print_tree
FN:603,606,json_add_int
FN:609,612,json_add_string
FN:615,628,json_add_string_escape
FN:631,642,json_add_base64url
FN:64,157,json_parse_string
FN:645,656,json_add_base64
FN:659,664,json_start_object
FN:667,670,json_end_object
FN:673,678,json_start_array
FN:681,684,json_end_array
FN:687,690,json_value_sep
FNDA:0,json_parse_number
FNDA:0,json_escape_string
FNDA:0,json_check_tree_state
FNDA:0,json_alloc_token
FNDA:0,json_parse
FNDA:0,json_free
FNDA:0,json_get_member
FNDA:0,json_get_member_base64url
FNDA:0,json_get_member_base64
FNDA:0,json_type_str
FNDA:0,json_print_token
FNDA:0,json_print_tree
FNDA:0,json_add_int
FNDA:0,json_add_string
FNDA:0,json_add_string_escape
FNDA:0,json_add_base64url
FNDA:0,json_parse_string
FNDA:0,json_add_base64
FNDA:0,json_start_object
FNDA:0,json_end_object
FNDA:0,json_start_array
FNDA:0,json_end_array
FNDA:0,json_value_sep
FNF:23
FNH:0
DA:19,0
DA:21,0
DA:24,0
DA:25,0
DA:26,0
DA:28,0
DA:29,0
DA:30,0
DA:31,0
DA:32,0
DA:33,0
DA:34,0
DA:35,0
DA:36,0
DA:37,0
DA:38,0
DA:39,0
DA:40,0
DA:41,0
DA:42,0
DA:43,0
DA:44,0
DA:45,0
DA:46,0
DA:47,0
DA:48,0
DA:49,0
DA:50,0
DA:51,0
DA:53,0
DA:54,0
DA:56,0
DA:60,0
DA:61,0
DA:64,0
DA:66,0
DA:71,0
DA:73,0
DA:74,0
DA:75,0
DA:76,0
DA:77,0
DA:78,0
DA:79,0
DA:81,0
DA:82,0
DA:86,0
DA:87,0
DA:88,0
DA:89,0
DA:90,0
DA:91,0
DA:92,0
DA:93,0
DA:94,0
DA:95,0
DA:98,0
DA:99,0
DA:100,0
DA:102,0
DA:103,0
DA:104,0
DA:105,0
DA:106,0
DA:107,0
DA:109,0
DA:111,0
DA:112,0
DA:115,0
DA:116,0
DA:117,0
DA:118,0
DA:119,0
DA:120,0
DA:121,0
DA:122,0
DA:123,0
DA:124,0
DA:125,0
DA:126,0
DA:127,0
DA:128,0
DA:129,0
DA:130,0
DA:132,0
DA:134,0
DA:135,0
DA:137,0
DA:138,0
DA:140,0
DA:141,0
DA:142,0
DA:143,0
DA:144,0
DA:145,0
DA:147,0
DA:148,0
DA:149,0
DA:150,0
DA:154,0
DA:155,0
DA:156,0
DA:160,0
DA:163,0
DA:167,0
DA:168,0
DA:169,0
DA:170,0
DA:173,0
DA:174,0
DA:175,0
DA:176,0
DA:177,0
DA:178,0
DA:179,0
DA:180,0
DA:181,0
DA:182,0
DA:184,0
DA:185,0
DA:186,0
DA:187,0
DA:191,0
DA:193,0
DA:194,0
DA:195,0
DA:196,0
DA:197,0
DA:198,0
DA:199,0
DA:201,0
DA:202,0
DA:203,0
DA:205,0
DA:209,0
DA:211,0
DA:212,0
DA:213,0
DA:214,0
DA:216,0
DA:220,0
DA:222,0
DA:226,0
DA:227,0
DA:229,0
DA:230,0
DA:232,0
DA:233,0
DA:234,0
DA:236,0
DA:237,0
DA:238,0
DA:239,0
DA:240,0
DA:241,0
DA:242,0
DA:243,0
DA:244,0
DA:245,0
DA:246,0
DA:247,0
DA:248,0
DA:250,0
DA:252,0
DA:254,0
DA:255,0
DA:256,0
DA:258,0
DA:260,0
DA:261,0
DA:262,0
DA:263,0
DA:264,0
DA:265,0
DA:266,0
DA:267,0
DA:268,0
DA:269,0
DA:271,0
DA:272,0
DA:273,0
DA:275,0
DA:277,0
DA:278,0
DA:279,0
DA:280,0
DA:281,0
DA:282,0
DA:283,0
DA:285,0
DA:287,0
DA:288,0
DA:289,0
DA:292,0
DA:293,0
DA:295,0
DA:296,0
DA:297,0
DA:298,0
DA:299,0
DA:300,0
DA:301,0
DA:302,0
DA:303,0
DA:304,0
DA:305,0
DA:307,0
DA:308,0
DA:309,0
DA:310,0
DA:311,0
DA:312,0
DA:313,0
DA:314,0
DA:315,0
DA:316,0
DA:317,0
DA:320,0
DA:321,0
DA:322,0
DA:323,0
DA:324,0
DA:325,0
DA:326,0
DA:327,0
DA:328,0
DA:333,0
DA:335,0
DA:336,0
DA:338,0
DA:339,0
DA:344,0
DA:345,0
DA:346,0
DA:347,0
DA:348,0
DA:349,0
DA:350,0
DA:351,0
DA:352,0
DA:353,0
DA:354,0
DA:355,0
DA:356,0
DA:357,0
DA:358,0
DA:359,0
DA:360,0
DA:363,0
DA:364,0
DA:365,0
DA:366,0
DA:367,0
DA:368,0
DA:369,0
DA:371,0
DA:373,0
DA:374,0
DA:375,0
DA:376,0
DA:377,0
DA:378,0
DA:379,0
DA:381,0
DA:382,0
DA:383,0
DA:384,0
DA:385,0
DA:386,0
DA:387,0
DA:389,0
DA:391,0
DA:393,0
DA:394,0
DA:395,0
DA:396,0
DA:397,0
DA:398,0
DA:399,0
DA:400,0
DA:401,0
DA:402,0
DA:403,0
DA:404,0
DA:405,0
DA:406,0
DA:407,0
DA:409,0
DA:410,0
DA:411,0
DA:423,0
DA:424,0
DA:425,0
DA:426,0
DA:427,0
DA:428,0
DA:429,0
DA:430,0
DA:431,0
DA:432,0
DA:433,0
DA:434,0
DA:435,0
DA:436,0
DA:440,0
DA:441,0
DA:442,0
DA:443,0
DA:444,0
DA:445,0
DA:446,0
DA:447,0
DA:451,0
DA:453,0
DA:455,0
DA:456,0
DA:457,0
DA:458,0
DA:459,0
DA:462,0
DA:463,0
DA:464,0
DA:465,0
DA:468,0
DA:469,0
DA:470,0
DA:473,0
DA:474,0
DA:475,0
DA:476,0
DA:477,0
DA:481,0
DA:483,0
DA:484,0
DA:485,0
DA:486,0
DA:487,0
DA:488,0
DA:489,0
DA:493,0
DA:495,0
DA:497,0
DA:498,0
DA:500,0
DA:501,0
DA:502,0
DA:504,0
DA:508,0
DA:516,0
DA:517,0
DA:518,0
DA:519,0
DA:521,0
DA:522,0
DA:523,0
DA:524,0
DA:525,0
DA:527,0
DA:531,0
DA:539,0
DA:540,0
DA:541,0
DA:542,0
DA:543,0
DA:544,0
DA:545,0
DA:546,0
DA:547,0
DA:549,0
DA:553,0
DA:555,0
DA:556,0
DA:557,0
DA:558,0
DA:559,0
DA:560,0
DA:561,0
DA:562,0
DA:563,0
DA:564,0
DA:565,0
DA:566,0
DA:567,0
DA:568,0
DA:569,0
DA:571,0
DA:575,0
DA:581,0
DA:582,0
DA:583,0
DA:584,0
DA:586,0
DA:587,0
DA:588,0
DA:589,0
DA:591,0
DA:592,0
DA:596,0
DA:598,0
DA:599,0
DA:600,0
DA:603,0
DA:605,0
DA:606,0
DA:609,0
DA:611,0
DA:612,0
DA:615,0
DA:619,0
DA:621,0
DA:622,0
DA:623,0
DA:624,0
DA:625,0
DA:626,0
DA:627,0
DA:631,0
DA:636,0
DA:637,0
DA:638,0
DA:639,0
DA:640,0
DA:641,0
DA:645,0
DA:650,0
DA:651,0
DA:652,0
DA:653,0
DA:654,0
DA:655,0
DA:659,0
DA:661,0
DA:662,0
DA:663,0
DA:664,0
DA:667,0
DA:669,0
DA:670,0
DA:673,0
DA:675,0
DA:676,0
DA:677,0
DA:678,0
DA:681,0
DA:683,0
DA:684,0
DA:687,0
DA:689,0
DA:690,0
LF:449
LH:0
end_of_record
TN:
SF:/home/kalok/Desktop/hostap-wpa3/src/utils/list.h
FN:22,26,dl_list_init
FN:28,34,dl_list_add
FN:36,39,dl_list_add_tail
FN:41,47,dl_list_del
FN:49,52,dl_list_empty
FN:54,61,dl_list_len
FNDA:176,dl_list_init
FNDA:921,dl_list_add
FNDA:260,dl_list_add_tail
FNDA:921,dl_list_del
FNDA:6812,dl_list_empty
FNDA:605,dl_list_len
FNF:6
FNH:6
DA:22,176
DA:24,176
DA:25,176
DA:26,176
DA:28,921
DA:30,921
DA:31,921
DA:32,921
DA:33,921
DA:34,921
DA:36,260
DA:38,260
DA:39,260
DA:41,921
DA:43,921
DA:44,921
DA:45,921
DA:46,921
DA:47,921
DA:49,6812
DA:51,6812
DA:54,605
DA:57,605
DA:58,605
DA:59,0
DA:60,605
LF:26
LH:25
end_of_record
TN:
SF:/home/kalok/Desktop/hostap-wpa3/src/utils/os.h
FN:111,114,os_reltime_initialized
FN:277,282,os_calloc
FN:55,64,os_time_sub
FN:559,562,os_snprintf_error
FN:565,570,os_realloc_array
FN:579,586,os_remove_in_array
FN:69,74,os_reltime_before
FN:77,86,os_reltime_sub
FN:89,96,os_reltime_age
FN:99,108,os_reltime_expired
FNDA:0,os_reltime_initialized
FNDA:50,os_calloc
FNDA:0,os_time_sub
FNDA:1998,os_snprintf_error
FNDA:930,os_realloc_array
FNDA:0,os_remove_in_array
FNDA:5034,os_reltime_before
FNDA:1609,os_reltime_sub
FNDA:0,os_reltime_age
FNDA:0,os_reltime_expired
FNF:10
FNH:5
DA:55,0
DA:58,0
DA:59,0
DA:60,0
DA:61,0
DA:62,0
DA:64,0
DA:69,5034
DA:72,6511
DA:73,1477
DA:77,1609
DA:80,1609
DA:81,1609
DA:82,1609
DA:83,700
DA:84,700
DA:86,1609
DA:89,0
DA:94,0
DA:95,0
DA:96,0
DA:99,0
DA:105,0
DA:106,0
DA:107,0
DA:111,0
DA:113,0
DA:277,50
DA:279,50
DA:280,0
DA:281,50
DA:559,1998
DA:561,1998
DA:565,930
DA:567,930
DA:568,0
DA:569,930
DA:579,0
DA:582,0
DA:583,0
DA:586,0
LF:41
LH:18
end_of_record
TN:
SF:/home/kalok/Desktop/hostap-wpa3/src/utils/os_unix.c
FN:134,171,os_mktime
FN:174,189,os_gmtime
FN:227,247,os_daemonize
FN:250,254,os_daemonize_terminate
FN:257,283,os_get_random
FN:286,289,os_random
FN:292,335,os_rel2abs_path
FN:338,374,os_program_init
FN:377,399,os_program_deinit
FN:402,405,os_setenv
FN:408,417,os_unsetenv
FN:420,455,os_readfile
FN:458,461,os_file_exists
FN:464,480,os_fdatasync
FN:484,487,os_zalloc
FN:491,513,os_strlcpy
FN:50,62,os_sleep
FN:516,527,os_memcmp_const
FN:530,537,os_memdup
FN:65,73,os_get_time
FN:76,131,os_get_reltime
FN:802,853,os_exec
FNDA:0,os_mktime
FNDA:0,os_gmtime
FNDA:0,os_daemonize
FNDA:5,os_daemonize_terminate
FNDA:121,os_get_random
FNDA:0,os_random
FNDA:0,os_rel2abs_path
FNDA:5,os_program_init
FNDA:5,os_program_deinit
FNDA:0,os_setenv
FNDA:0,os_unsetenv
FNDA:0,os_readfile
FNDA:0,os_file_exists
FNDA:0,os_fdatasync
FNDA:1987,os_zalloc
FNDA:1638,os_strlcpy
FNDA:0,os_sleep
FNDA:50,os_memcmp_const
FNDA:5,os_memdup
FNDA:546,os_get_time
FNDA:4950,os_get_reltime
FNDA:0,os_exec
FNF:22
FNH:10
DA:50,0
DA:53,0
DA:55,0
DA:62,0
DA:65,546
DA:69,546
DA:70,546
DA:71,546
DA:72,546
DA:76,4950
DA:93,4950
DA:94,4950
DA:95,4950
DA:96,4950
DA:97,4950
DA:99,0
DA:101,0
DA:102,0
DA:103,0
DA:106,0
DA:107,0
DA:108,0
DA:110,0
DA:111,0
DA:134,0
DA:141,0
DA:142,0
DA:144,0
DA:146,0
DA:147,0
DA:148,0
DA:149,0
DA:150,0
DA:151,0
DA:152,0
DA:154,0
DA:157,0
DA:158,0
DA:159,0
DA:160,0
DA:161,0
DA:162,0
DA:163,0
DA:165,0
DA:167,0
DA:169,0
DA:170,0
DA:174,0
DA:177,0
DA:179,0
DA:180,0
DA:181,0
DA:182,0
DA:183,0
DA:184,0
DA:185,0
DA:186,0
DA:187,0
DA:188,0
DA:227,0
DA:232,0
DA:233,0
DA:234,0
DA:237,0
DA:238,0
DA:239,0
DA:240,0
DA:241,0
DA:245,0
DA:250,5
DA:252,5
DA:253,0
DA:254,5
DA:257,121
DA:272,121
DA:273,121
DA:274,0
DA:275,0
DA:278,121
DA:279,121
DA:281,121
DA:286,0
DA:288,0
DA:292,0
DA:294,0
DA:295,0
DA:298,0
DA:299,0
DA:301,0
DA:302,0
DA:305,0
DA:306,0
DA:307,0
DA:308,0
DA:309,0
DA:310,0
DA:311,0
DA:312,0
DA:313,0
DA:314,0
DA:315,0
DA:316,0
DA:318,0
DA:319,0
DA:323,0
DA:324,0
DA:325,0
DA:326,0
DA:327,0
DA:328,0
DA:329,0
DA:330,0
DA:331,0
DA:333,0
DA:334,0
DA:338,5
DA:370,5
DA:371,5
DA:373,5
DA:377,5
DA:399,5
DA:402,0
DA:404,0
DA:408,0
DA:415,0
DA:420,0
DA:426,0
DA:427,0
DA:428,0
DA:430,0
DA:431,0
DA:432,0
DA:434,0
DA:435,0
DA:436,0
DA:437,0
DA:440,0
DA:441,0
DA:442,0
DA:443,0
DA:446,0
DA:447,0
DA:448,0
DA:449,0
DA:452,0
DA:454,0
DA:458,0
DA:460,0
DA:464,0
DA:466,0
DA:468,0
DA:479,0
DA:484,1987
DA:486,1987
DA:491,1638
DA:493,1638
DA:494,1638
DA:496,1638
DA:498,8879
DA:499,8879
DA:500,1638
DA:504,1638
DA:506,0
DA:507,0
DA:508,0
DA:512,1638
DA:516,50
DA:518,50
DA:519,50
DA:523,1650
DA:524,1600
DA:526,50
DA:530,5
DA:532,5
DA:534,5
DA:535,5
DA:536,5
DA:802,0
DA:807,0
DA:808,0
DA:809,0
DA:810,0
DA:813,0
DA:815,0
DA:817,0
DA:820,0
DA:821,0
DA:823,0
DA:825,0
DA:826,0
DA:827,0
DA:828,0
DA:829,0
DA:830,0
DA:831,0
DA:832,0
DA:833,0
DA:834,0
DA:835,0
DA:837,0
DA:839,0
DA:840,0
DA:841,0
DA:842,0
DA:843,0
DA:847,0
DA:849,0
DA:852,0
LF:208
LH:48
end_of_record
TN:
SF:/home/kalok/Desktop/hostap-wpa3/src/utils/radiotap.c
FN:166,185,find_ns
FN:234,396,ieee80211_radiotap_iterator_next
FN:90,164,ieee80211_radiotap_iterator_init
FNDA:0,find_ns
FNDA:0,ieee80211_radiotap_iterator_next
FNDA:0,ieee80211_radiotap_iterator_init
FNF:3
FNH:0
DA:90,0
DA:96,0
DA:97,0
DA:100,0
DA:101,0
DA:104,0
DA:105,0
DA:107,0
DA:108,0
DA:109,0
DA:110,0
DA:111,0
DA:112,0
DA:113,0
DA:114,0
DA:115,0
DA:116,0
DA:117,0
DA:118,0
DA:126,0
DA:127,0
DA:128,0
DA:129,0
DA:130,0
DA:131,0
DA:133,0
DA:141,0
DA:142,0
DA:144,0
DA:145,0
DA:148,0
DA:157,0
DA:158,0
DA:159,0
DA:163,0
DA:166,0
DA:171,0
DA:173,0
DA:174,0
DA:176,0
DA:177,0
DA:178,0
DA:179,0
DA:180,0
DA:182,0
DA:183,0
DA:234,0
DA:237,0
DA:238,0
DA:243,0
DA:244,0
DA:245,0
DA:247,0
DA:248,0
DA:251,0
DA:252,0
DA:254,0
DA:255,0
DA:256,0
DA:257,0
DA:258,0
DA:259,0
DA:260,0
DA:261,0
DA:267,0
DA:268,0
DA:269,0
DA:270,0
DA:271,0
DA:273,0
DA:274,0
DA:276,0
DA:278,0
DA:280,0
DA:281,0
DA:283,0
DA:298,0
DA:299,0
DA:301,0
DA:302,0
DA:304,0
DA:307,0
DA:308,0
DA:309,0
DA:310,0
DA:312,0
DA:313,0
DA:314,0
DA:315,0
DA:317,0
DA:319,0
DA:320,0
DA:321,0
DA:322,0
DA:329,0
DA:330,0
DA:331,0
DA:334,0
DA:343,0
DA:344,0
DA:345,0
DA:346,0
DA:349,0
DA:350,0
DA:351,0
DA:353,0
DA:360,0
DA:362,0
DA:363,0
DA:364,0
DA:365,0
DA:366,0
DA:367,0
DA:368,0
DA:369,0
DA:370,0
DA:375,0
DA:376,0
DA:377,0
DA:378,0
DA:379,0
DA:381,0
DA:382,0
DA:383,0
DA:384,0
DA:386,0
DA:387,0
DA:388,0
DA:389,0
DA:393,0
DA:394,0
LF:131
LH:0
end_of_record
TN:
SF:/home/kalok/Desktop/hostap-wpa3/src/utils/wpa_debug.c
FN:209,255,wpa_printf
FN:258,383,_wpa_hexdump
FN:385,388,wpa_hexdump
FN:391,394,wpa_hexdump_key
FN:397,507,_wpa_hexdump_ascii
FN:510,514,wpa_hexdump_ascii
FN:517,521,wpa_hexdump_ascii_key
FN:528,548,wpa_debug_reopen_file
FN:551,596,wpa_debug_open_file
FN:599,609,wpa_debug_close_file
FN:612,617,wpa_debug_setup_stdout
FN:625,628,wpa_msg_register_cb
FN:633,636,wpa_msg_register_ifname_cb
FN:639,674,wpa_msg
FN:677,702,wpa_msg_ctrl
FN:69,86,wpa_debug_print_timestamp
FN:705,729,wpa_msg_global
FN:732,757,wpa_msg_global_ctrl
FN:760,784,wpa_msg_no_global
FN:787,811,wpa_msg_global_only
FN:819,822,hostapd_logger_register_cb
FN:825,854,hostapd_logger
FN:858,876,debug_level_str
FN:879,894,str_to_debug_level
FNDA:15346,wpa_printf
FNDA:7171,_wpa_hexdump
FNDA:3556,wpa_hexdump
FNDA:3615,wpa_hexdump_key
FNDA:153,_wpa_hexdump_ascii
FNDA:133,wpa_hexdump_ascii
FNDA:20,wpa_hexdump_ascii_key
FNDA:0,wpa_debug_reopen_file
FNDA:0,wpa_debug_open_file
FNDA:0,wpa_debug_close_file
FNDA:5,wpa_debug_setup_stdout
FNDA:0,wpa_msg_register_cb
FNDA:5,wpa_msg_register_ifname_cb
FNDA:1255,wpa_msg
FNDA:0,wpa_msg_ctrl
FNDA:20788,wpa_debug_print_timestamp
FNDA:0,wpa_msg_global
FNDA:0,wpa_msg_global_ctrl
FNDA:0,wpa_msg_no_global
FNDA:0,wpa_msg_global_only
FNDA:5,hostapd_logger_register_cb
FNDA:873,hostapd_logger
FNDA:0,debug_level_str
FNDA:0,str_to_debug_level
FNF:24
FNH:13
DA:69,20788
DA:74,20788
DA:75,20788
DA:77,0
DA:83,0
DA:84,0
DA:209,15346
DA:213,15346
DA:227,14815
DA:236,14815
DA:237,14815
DA:238,14815
DA:239,14815
DA:240,14815
DA:255,15346
DA:258,7171
DA:281,7171
DA:282,2224
DA:354,4947
DA:370,4947
DA:371,4947
DA:372,4947
DA:373,0
DA:374,4947
DA:375,194685
DA:376,189738
DA:378,0
DA:380,4947
DA:385,3556
DA:387,3556
DA:388,3556
DA:391,3615
DA:393,3615
DA:394,3615
DA:397,153
DA:401,153
DA:402,153
DA:423,153
DA:424,0
DA:432,153
DA:472,153
DA:473,153
DA:474,0
DA:476,0
DA:478,153
DA:479,0
DA:481,0
DA:483,153
DA:485,303
DA:486,150
DA:487,150
DA:488,700
DA:489,550
DA:490,2000
DA:491,1850
DA:492,150
DA:493,700
DA:494,550
DA:495,440
DA:497,110
DA:499,2000
DA:500,1850
DA:501,150
DA:502,150
DA:503,150
DA:510,133
DA:513,133
DA:514,133
DA:517,20
DA:520,20
DA:521,20
DA:528,0
DA:546,0
DA:551,0
DA:595,0
DA:599,0
DA:609,0
DA:612,5
DA:615,5
DA:617,5
DA:625,0
DA:627,0
DA:628,0
DA:633,5
DA:635,5
DA:636,5
DA:639,1255
DA:647,1255
DA:648,1255
DA:649,1255
DA:651,1255
DA:652,1255
DA:653,0
DA:655,0
DA:657,1255
DA:658,1255
DA:659,1255
DA:660,1255
DA:661,1255
DA:662,1255
DA:664,1255
DA:665,0
DA:668,1255
DA:669,1255
DA:670,1255
DA:671,1255
DA:672,0
DA:673,1255
DA:677,0
DA:684,0
DA:685,0
DA:687,0
DA:688,0
DA:689,0
DA:691,0
DA:692,0
DA:693,0
DA:695,0
DA:697,0
DA:698,0
DA:699,0
DA:700,0
DA:701,0
DA:705,0
DA:712,0
DA:713,0
DA:714,0
DA:716,0
DA:717,0
DA:718,0
DA:720,0
DA:722,0
DA:723,0
DA:724,0
DA:725,0
DA:726,0
DA:727,0
DA:728,0
DA:732,0
DA:739,0
DA:740,0
DA:742,0
DA:743,0
DA:744,0
DA:746,0
DA:747,0
DA:748,0
DA:750,0
DA:752,0
DA:753,0
DA:754,0
DA:755,0
DA:756,0
DA:760,0
DA:767,0
DA:768,0
DA:769,0
DA:771,0
DA:772,0
DA:773,0
DA:775,0
DA:777,0
DA:778,0
DA:779,0
DA:780,0
DA:781,0
DA:782,0
DA:783,0
DA:787,0
DA:794,0
DA:795,0
DA:796,0
DA:798,0
DA:799,0
DA:800,0
DA:802,0
DA:804,0
DA:805,0
DA:806,0
DA:807,0
DA:808,0
DA:809,0
DA:810,0
DA:819,5
DA:821,5
DA:822,5
DA:825,873
DA:833,873
DA:834,873
DA:835,873
DA:837,873
DA:838,873
DA:839,0
DA:841,0
DA:843,873
DA:844,873
DA:845,873
DA:846,873
DA:847,873
DA:848,0
DA:849,0
DA:850,0
DA:852,0
DA:853,873
DA:858,0
DA:860,0
DA:861,0
DA:862,0
DA:863,0
DA:864,0
DA:865,0
DA:866,0
DA:867,0
DA:868,0
DA:869,0
DA:870,0
DA:871,0
DA:872,0
DA:873,0
DA:874,0
DA:879,0
DA:881,0
DA:882,0
DA:883,0
DA:884,0
DA:885,0
DA:886,0
DA:887,0
DA:888,0
DA:889,0
DA:890,0
DA:891,0
DA:892,0
DA:893,0
LF:234
LH:100
end_of_record
TN:
SF:/home/kalok/Desktop/hostap-wpa3/src/utils/wpa_debug.h
FN:111,116,wpa_hexdump_buf_key
FN:328,330,wpa_debug_close_syslog
FN:346,348,wpa_debug_close_linux_tracing
FN:89,94,wpa_hexdump_buf
FNDA:0,wpa_hexdump_buf_key
FNDA:5,wpa_debug_close_syslog
FNDA:5,wpa_debug_close_linux_tracing
FNDA:117,wpa_hexdump_buf
FNF:4
FNH:3
DA:89,117
DA:92,234
DA:93,117
DA:94,117
DA:111,0
DA:114,0
DA:115,0
DA:116,0
DA:328,5
DA:330,5
DA:346,5
DA:348,5
LF:12
LH:8
end_of_record
TN:
SF:/home/kalok/Desktop/hostap-wpa3/src/utils/wpabuf.c
FN:113,132,wpabuf_alloc
FN:135,157,wpabuf_alloc_ext_data
FN:160,166,wpabuf_alloc_copy
FN:169,175,wpabuf_dup
FN:182,205,wpabuf_free
FN:208,214,wpabuf_clear_free
FN:217,225,wpabuf_put
FN:237,260,wpabuf_concat
FN:275,295,wpabuf_zeropad
FN:298,310,wpabuf_printf
FN:30,44,wpabuf_overflow
FN:320,340,wpabuf_parse_bin
FN:47,105,wpabuf_resize
FNDA:264,wpabuf_alloc
FNDA:0,wpabuf_alloc_ext_data
FNDA:1,wpabuf_alloc_copy
FNDA:0,wpabuf_dup
FNDA:1538,wpabuf_free
FNDA:0,wpabuf_clear_free
FNDA:585,wpabuf_put
FNDA:0,wpabuf_concat
FNDA:0,wpabuf_zeropad
FNDA:0,wpabuf_printf
FNDA:0,wpabuf_overflow
FNDA:0,wpabuf_parse_bin
FNDA:20,wpabuf_resize
FNF:13
FNH:5
DA:30,0
DA:39,0
DA:40,0
DA:43,0
DA:47,20
DA:49,20
DA:54,20
DA:55,15
DA:56,15
DA:69,5
DA:71,5
DA:72,0
DA:73,0
DA:74,0
DA:75,0
DA:76,0
DA:90,5
DA:92,5
DA:93,0
DA:94,5
DA:95,5
DA:98,5
DA:99,5
DA:101,5
DA:104,5
DA:113,264
DA:124,264
DA:125,264
DA:126,0
DA:129,264
DA:130,264
DA:131,264
DA:135,0
DA:146,0
DA:147,0
DA:148,0
DA:151,0
DA:152,0
DA:153,0
DA:154,0
DA:156,0
DA:160,1
DA:162,1
DA:163,1
DA:164,1
DA:165,1
DA:169,0
DA:171,0
DA:172,0
DA:173,0
DA:174,0
DA:182,1538
DA:199,1538
DA:200,1274
DA:201,264
DA:202,0
DA:203,264
DA:208,0
DA:210,0
DA:211,0
DA:212,0
DA:214,0
DA:217,585
DA:219,585
DA:220,585
DA:221,585
DA:222,0
DA:224,585
DA:237,0
DA:239,0
DA:240,0
DA:242,0
DA:243,0
DA:245,0
DA:246,0
DA:247,0
DA:249,0
DA:250,0
DA:251,0
DA:252,0
DA:253,0
DA:256,0
DA:257,0
DA:259,0
DA:275,0
DA:280,0
DA:281,0
DA:283,0
DA:284,0
DA:285,0
DA:287,0
DA:288,0
DA:289,0
DA:290,0
DA:292,0
DA:294,0
DA:298,0
DA:301,0
DA:304,0
DA:305,0
DA:306,0
DA:307,0
DA:308,0
DA:309,0
DA:310,0
DA:320,0
DA:325,0
DA:326,0
DA:327,0
DA:328,0
DA:330,0
DA:331,0
DA:332,0
DA:334,0
DA:335,0
DA:336,0
DA:339,0
LF:117
LH:36
end_of_record
TN:
SF:/home/kalok/Desktop/hostap-wpa3/src/utils/wpabuf.h
FN:108,111,wpabuf_mhead
FN:113,116,wpabuf_mhead_u8
FN:118,122,wpabuf_put_u8
FN:124,128,wpabuf_put_le16
FN:130,134,wpabuf_put_le32
FN:142,146,wpabuf_put_be16
FN:148,152,wpabuf_put_be24
FN:154,158,wpabuf_put_be32
FN:166,171,wpabuf_put_data
FN:173,177,wpabuf_put_buf
FN:179,184,wpabuf_set
FN:186,189,wpabuf_put_str
FN:48,51,wpabuf_size
FN:58,61,wpabuf_len
FN:68,71,wpabuf_tailroom
FN:93,96,wpabuf_head
FN:98,101,wpabuf_head_u8
FNDA:585,wpabuf_mhead
FNDA:585,wpabuf_mhead_u8
FNDA:18,wpabuf_put_u8
FNDA:146,wpabuf_put_le16
FNDA:0,wpabuf_put_le32
FNDA:0,wpabuf_put_be16
FNDA:0,wpabuf_put_be24
FNDA:0,wpabuf_put_be32
FNDA:129,wpabuf_put_data
FNDA:0,wpabuf_put_buf
FNDA:0,wpabuf_set
FNDA:6,wpabuf_put_str
FNDA:0,wpabuf_size
FNDA:885,wpabuf_len
FNDA:0,wpabuf_tailroom
FNDA:300,wpabuf_head
FNDA:0,wpabuf_head_u8
FNF:17
FNH:8
DA:48,0
DA:50,0
DA:58,885
DA:60,885
DA:68,0
DA:70,0
DA:93,300
DA:95,300
DA:98,0
DA:100,0
DA:108,585
DA:110,585
DA:113,585
DA:115,585
DA:118,18
DA:120,18
DA:121,18
DA:122,18
DA:124,146
DA:126,146
DA:127,146
DA:128,146
DA:130,0
DA:132,0
DA:133,0
DA:134,0
DA:142,0
DA:144,0
DA:145,0
DA:146,0
DA:148,0
DA:150,0
DA:151,0
DA:152,0
DA:154,0
DA:156,0
DA:157,0
DA:158,0
DA:166,129
DA:169,129
DA:170,129
DA:171,129
DA:173,0
DA:176,0
DA:177,0
DA:179,0
DA:181,0
DA:182,0
DA:183,0
DA:184,0
DA:186,6
DA:188,6
DA:189,6
LF:53
LH:23
end_of_record
TN:
SF:/usr/include/openssl/err.h
FN:241,246,ERR_GET_LIB
FN:255,260,ERR_GET_REASON
FNDA:0,ERR_GET_LIB
FNDA:0,ERR_GET_REASON
FNF:2
FNH:0
DA:241,0
DA:243,0
DA:244,0
DA:245,0
DA:255,0
DA:257,0
DA:258,0
DA:259,0
LF:8
LH:0
end_of_record
TN:
SF:/usr/include/openssl/x509.h
FN:75,75,ossl_check_X509_freefunc_type
FN:75,75,ossl_check_X509_sk_type
FN:75,75,ossl_check_X509_type
FN:75,75,ossl_check_const_X509_sk_type
FNDA:0,ossl_check_X509_freefunc_type
FNDA:0,ossl_check_X509_sk_type
FNDA:0,ossl_check_X509_type
FNDA:0,ossl_check_const_X509_sk_type
FNF:4
FNH:0
DA:75,0
LF:1
LH:0
end_of_record
TN:
SF:/usr/include/openssl/x509v3.h
FN:227,227,ossl_check_GENERAL_NAME_freefunc_type
FN:227,227,ossl_check_GENERAL_NAME_sk_type
FN:227,227,ossl_check_const_GENERAL_NAME_sk_type
FN:456,456,ossl_check_POLICYINFO_freefunc_type
FN:456,456,ossl_check_POLICYINFO_sk_type
FN:456,456,ossl_check_const_POLICYINFO_sk_type
FNDA:0,ossl_check_GENERAL_NAME_freefunc_type
FNDA:0,ossl_check_GENERAL_NAME_sk_type
FNDA:0,ossl_check_const_GENERAL_NAME_sk_type
FNDA:0,ossl_check_POLICYINFO_freefunc_type
FNDA:0,ossl_check_POLICYINFO_sk_type
FNDA:0,ossl_check_const_POLICYINFO_sk_type
FNF:6
FNH:0
DA:227,0
DA:456,0
LF:2
LH:0
end_of_record
TN:
SF:/usr/include/x86_64-linux-gnu/bits/byteswap.h
FN:34,41,__bswap_16
FN:49,56,__bswap_32
FNDA:0,__bswap_16
FNDA:30,__bswap_32
FNF:2
FNH:1
DA:34,0
DA:37,0
DA:49,30
DA:52,30
LF:4
LH:2
end_of_record
